[2021-08-22 14:19:46,769] {taskinstance.py:896} INFO - Dependencies all met for <TaskInstance: download_rocket_launches.notify 2021-08-22T14:19:23.220991+00:00 [queued]>
[2021-08-22 14:19:46,797] {taskinstance.py:896} INFO - Dependencies all met for <TaskInstance: download_rocket_launches.notify 2021-08-22T14:19:23.220991+00:00 [queued]>
[2021-08-22 14:19:46,797] {taskinstance.py:1087} INFO - 
--------------------------------------------------------------------------------
[2021-08-22 14:19:46,797] {taskinstance.py:1088} INFO - Starting attempt 1 of 1
[2021-08-22 14:19:46,797] {taskinstance.py:1089} INFO - 
--------------------------------------------------------------------------------
[2021-08-22 14:19:46,833] {taskinstance.py:1107} INFO - Executing <Task(BashOperator): notify> on 2021-08-22T14:19:23.220991+00:00
[2021-08-22 14:19:46,838] {standard_task_runner.py:52} INFO - Started process 525 to run task
[2021-08-22 14:19:46,845] {standard_task_runner.py:76} INFO - Running: ['***', 'tasks', 'run', 'download_rocket_launches', 'notify', '2021-08-22T14:19:23.220991+00:00', '--job-id', '23', '--pool', 'default_pool', '--raw', '--subdir', 'DAGS_FOLDER/1.rocket_launch_data.py', '--cfg-path', '/tmp/tmpmfb5qv3y', '--error-file', '/tmp/tmpyf5gsutk']
[2021-08-22 14:19:46,846] {standard_task_runner.py:77} INFO - Job 23: Subtask notify
[2021-08-22 14:19:46,932] {logging_mixin.py:104} INFO - Running <TaskInstance: download_rocket_launches.notify 2021-08-22T14:19:23.220991+00:00 [running]> on host f91ff2939141
[2021-08-22 14:19:47,061] {taskinstance.py:1302} INFO - Exporting the following env vars:
AIRFLOW_CTX_DAG_OWNER=***
AIRFLOW_CTX_DAG_ID=download_rocket_launches
AIRFLOW_CTX_TASK_ID=notify
AIRFLOW_CTX_EXECUTION_DATE=2021-08-22T14:19:23.220991+00:00
AIRFLOW_CTX_DAG_RUN_ID=manual__2021-08-22T14:19:23.220991+00:00
[2021-08-22 14:19:47,062] {subprocess.py:52} INFO - Tmp dir root location: 
 /tmp
[2021-08-22 14:19:47,063] {subprocess.py:63} INFO - Running command: ['bash', '-c', 'echo "There are now $(ls /tmp/images/ | wc -l) images."']
[2021-08-22 14:19:47,075] {subprocess.py:74} INFO - Output:
[2021-08-22 14:19:47,103] {subprocess.py:78} INFO - There are now 10 images.
[2021-08-22 14:19:47,104] {subprocess.py:82} INFO - Command exited with return code 0
[2021-08-22 14:19:47,272] {taskinstance.py:1211} INFO - Marking task as SUCCESS. dag_id=download_rocket_launches, task_id=notify, execution_date=20210822T141923, start_date=20210822T141946, end_date=20210822T141947
[2021-08-22 14:19:47,316] {taskinstance.py:1265} INFO - 0 downstream tasks scheduled from follow-on schedule check
[2021-08-22 14:19:47,341] {local_task_job.py:149} INFO - Task exited with return code 0
