[2021-08-22 14:51:18,149] {taskinstance.py:896} INFO - Dependencies all met for <TaskInstance: download_rocket_launches.download_launches 2021-08-22T14:51:16.609994+00:00 [queued]>
[2021-08-22 14:51:18,199] {taskinstance.py:896} INFO - Dependencies all met for <TaskInstance: download_rocket_launches.download_launches 2021-08-22T14:51:16.609994+00:00 [queued]>
[2021-08-22 14:51:18,199] {taskinstance.py:1087} INFO - 
--------------------------------------------------------------------------------
[2021-08-22 14:51:18,199] {taskinstance.py:1088} INFO - Starting attempt 1 of 1
[2021-08-22 14:51:18,200] {taskinstance.py:1089} INFO - 
--------------------------------------------------------------------------------
[2021-08-22 14:51:18,240] {taskinstance.py:1107} INFO - Executing <Task(BashOperator): download_launches> on 2021-08-22T14:51:16.609994+00:00
[2021-08-22 14:51:18,248] {standard_task_runner.py:52} INFO - Started process 339 to run task
[2021-08-22 14:51:18,267] {standard_task_runner.py:76} INFO - Running: ['***', 'tasks', 'run', 'download_rocket_launches', 'download_launches', '2021-08-22T14:51:16.609994+00:00', '--job-id', '65', '--pool', 'default_pool', '--raw', '--subdir', 'DAGS_FOLDER/download_rocket_launches.py', '--cfg-path', '/tmp/tmpbgsjqu_j', '--error-file', '/tmp/tmpdkpg4mna']
[2021-08-22 14:51:18,268] {standard_task_runner.py:77} INFO - Job 65: Subtask download_launches
[2021-08-22 14:51:18,376] {logging_mixin.py:104} INFO - Running <TaskInstance: download_rocket_launches.download_launches 2021-08-22T14:51:16.609994+00:00 [running]> on host b4dfeeeb641c
[2021-08-22 14:51:18,491] {taskinstance.py:1302} INFO - Exporting the following env vars:
AIRFLOW_CTX_DAG_OWNER=***
AIRFLOW_CTX_DAG_ID=download_rocket_launches
AIRFLOW_CTX_TASK_ID=download_launches
AIRFLOW_CTX_EXECUTION_DATE=2021-08-22T14:51:16.609994+00:00
AIRFLOW_CTX_DAG_RUN_ID=manual__2021-08-22T14:51:16.609994+00:00
[2021-08-22 14:51:18,496] {subprocess.py:52} INFO - Tmp dir root location: 
 /tmp
[2021-08-22 14:51:18,496] {subprocess.py:63} INFO - Running command: ['bash', '-c', "curl -o /tmp/launches.json -L 'https://ll.thespacedevs.com/2.0.0/launch/upcoming'"]
[2021-08-22 14:51:18,513] {subprocess.py:74} INFO - Output:
[2021-08-22 14:51:18,531] {subprocess.py:78} INFO -   % Total    % Received % Xferd  Average Speed   Time    Time     Time  Current
[2021-08-22 14:51:18,532] {subprocess.py:78} INFO -                                  Dload  Upload   Total   Spent    Left  Speed
[2021-08-22 14:51:18,940] {subprocess.py:78} INFO -   0     0    0     0    0     0      0      0 --:--:-- --:--:-- --:--:--     0  0     0    0     0    0     0      0      0 --:--:-- --:--:-- --:--:--     0  0     0    0     0    0     0      0      0 --:--:-- --:--:-- --:--:--     0
[2021-08-22 14:51:19,315] {subprocess.py:78} INFO - 100    71  100    71    0     0     90      0 --:--:-- --:--:-- --:--:--    90
[2021-08-22 14:51:19,319] {subprocess.py:82} INFO - Command exited with return code 0
[2021-08-22 14:51:19,418] {taskinstance.py:1211} INFO - Marking task as SUCCESS. dag_id=download_rocket_launches, task_id=download_launches, execution_date=20210822T145116, start_date=20210822T145118, end_date=20210822T145119
[2021-08-22 14:51:19,484] {taskinstance.py:1265} INFO - 1 downstream tasks scheduled from follow-on schedule check
[2021-08-22 14:51:19,526] {local_task_job.py:149} INFO - Task exited with return code 0
