[2021-08-22 15:36:52,913] {taskinstance.py:896} INFO - Dependencies all met for <TaskInstance: download_rocket_launches.download_launches 2021-08-20T00:00:00+00:00 [queued]>
[2021-08-22 15:36:53,624] {taskinstance.py:896} INFO - Dependencies all met for <TaskInstance: download_rocket_launches.download_launches 2021-08-20T00:00:00+00:00 [queued]>
[2021-08-22 15:36:53,624] {taskinstance.py:1087} INFO - 
--------------------------------------------------------------------------------
[2021-08-22 15:36:53,624] {taskinstance.py:1088} INFO - Starting attempt 2 of 2
[2021-08-22 15:36:53,624] {taskinstance.py:1089} INFO - 
--------------------------------------------------------------------------------
[2021-08-22 15:36:53,658] {taskinstance.py:1107} INFO - Executing <Task(BashOperator): download_launches> on 2021-08-20T00:00:00+00:00
[2021-08-22 15:36:53,672] {standard_task_runner.py:76} INFO - Running: ['***', 'tasks', 'run', 'download_rocket_launches', 'download_launches', '2021-08-20T00:00:00+00:00', '--job-id', '114', '--pool', 'default_pool', '--raw', '--subdir', 'DAGS_FOLDER/1.rocket_launch_data.py', '--cfg-path', '/tmp/tmpg01vyben', '--error-file', '/tmp/tmpg719mm0r']
[2021-08-22 15:36:53,673] {standard_task_runner.py:77} INFO - Job 114: Subtask download_launches
[2021-08-22 15:36:53,664] {standard_task_runner.py:52} INFO - Started process 3198 to run task
[2021-08-22 15:36:53,891] {logging_mixin.py:104} INFO - Running <TaskInstance: download_rocket_launches.download_launches 2021-08-20T00:00:00+00:00 [running]> on host b4dfeeeb641c
[2021-08-22 15:36:54,199] {taskinstance.py:1302} INFO - Exporting the following env vars:
AIRFLOW_CTX_DAG_OWNER=***
AIRFLOW_CTX_DAG_ID=download_rocket_launches
AIRFLOW_CTX_TASK_ID=download_launches
AIRFLOW_CTX_EXECUTION_DATE=2021-08-20T00:00:00+00:00
AIRFLOW_CTX_DAG_RUN_ID=scheduled__2021-08-20T00:00:00+00:00
[2021-08-22 15:36:54,200] {subprocess.py:52} INFO - Tmp dir root location: 
 /tmp
[2021-08-22 15:36:54,207] {subprocess.py:63} INFO - Running command: ['bash', '-c', "curl -o /tmp/launches.json -L 'https://ll.thespacedevs.com/2.0.0/launch/upcoming'"]
[2021-08-22 15:36:54,222] {subprocess.py:74} INFO - Output:
[2021-08-22 15:36:54,239] {subprocess.py:78} INFO -   % Total    % Received % Xferd  Average Speed   Time    Time     Time  Current
[2021-08-22 15:36:54,241] {subprocess.py:78} INFO -                                  Dload  Upload   Total   Spent    Left  Speed
[2021-08-22 15:36:54,597] {subprocess.py:78} INFO -   0     0    0     0    0     0      0      0 --:--:-- --:--:-- --:--:--     0  0     0    0     0    0     0      0      0 --:--:-- --:--:-- --:--:--     0
[2021-08-22 15:36:54,930] {subprocess.py:78} INFO - 100    70  100    70    0     0    101      0 --:--:-- --:--:-- --:--:--   101100    70  100    70    0     0    101      0 --:--:-- --:--:-- --:--:--     0
[2021-08-22 15:36:54,931] {subprocess.py:82} INFO - Command exited with return code 0
[2021-08-22 15:36:55,010] {taskinstance.py:1211} INFO - Marking task as SUCCESS. dag_id=download_rocket_launches, task_id=download_launches, execution_date=20210820T000000, start_date=20210822T153652, end_date=20210822T153655
[2021-08-22 15:36:55,065] {taskinstance.py:1265} INFO - 1 downstream tasks scheduled from follow-on schedule check
[2021-08-22 15:36:55,092] {local_task_job.py:149} INFO - Task exited with return code 0
