[2021-08-22 14:24:16,648] {taskinstance.py:896} INFO - Dependencies all met for <TaskInstance: download_rocket_launches.download_launches 2021-08-22T14:24:14.061085+00:00 [queued]>
[2021-08-22 14:24:16,736] {taskinstance.py:896} INFO - Dependencies all met for <TaskInstance: download_rocket_launches.download_launches 2021-08-22T14:24:14.061085+00:00 [queued]>
[2021-08-22 14:24:16,736] {taskinstance.py:1087} INFO - 
--------------------------------------------------------------------------------
[2021-08-22 14:24:16,736] {taskinstance.py:1088} INFO - Starting attempt 1 of 1
[2021-08-22 14:24:16,737] {taskinstance.py:1089} INFO - 
--------------------------------------------------------------------------------
[2021-08-22 14:24:16,756] {taskinstance.py:1107} INFO - Executing <Task(BashOperator): download_launches> on 2021-08-22T14:24:14.061085+00:00
[2021-08-22 14:24:16,769] {standard_task_runner.py:76} INFO - Running: ['***', 'tasks', 'run', 'download_rocket_launches', 'download_launches', '2021-08-22T14:24:14.061085+00:00', '--job-id', '24', '--pool', 'default_pool', '--raw', '--subdir', 'DAGS_FOLDER/1.rocket_launch_data.py', '--cfg-path', '/tmp/tmpoponsrfk', '--error-file', '/tmp/tmp93z3qf2g']
[2021-08-22 14:24:16,762] {standard_task_runner.py:52} INFO - Started process 783 to run task
[2021-08-22 14:24:16,770] {standard_task_runner.py:77} INFO - Job 24: Subtask download_launches
[2021-08-22 14:24:16,831] {logging_mixin.py:104} INFO - Running <TaskInstance: download_rocket_launches.download_launches 2021-08-22T14:24:14.061085+00:00 [running]> on host f91ff2939141
[2021-08-22 14:24:16,912] {taskinstance.py:1302} INFO - Exporting the following env vars:
AIRFLOW_CTX_DAG_OWNER=***
AIRFLOW_CTX_DAG_ID=download_rocket_launches
AIRFLOW_CTX_TASK_ID=download_launches
AIRFLOW_CTX_EXECUTION_DATE=2021-08-22T14:24:14.061085+00:00
AIRFLOW_CTX_DAG_RUN_ID=manual__2021-08-22T14:24:14.061085+00:00
[2021-08-22 14:24:16,914] {subprocess.py:52} INFO - Tmp dir root location: 
 /tmp
[2021-08-22 14:24:16,914] {subprocess.py:63} INFO - Running command: ['bash', '-c', "curl -o /tmp/launches.json -L 'https://ll.thespacedevs.com/2.0.0/launch/upcoming'"]
[2021-08-22 14:24:16,924] {subprocess.py:74} INFO - Output:
[2021-08-22 14:24:16,935] {subprocess.py:78} INFO -   % Total    % Received % Xferd  Average Speed   Time    Time     Time  Current
[2021-08-22 14:24:16,936] {subprocess.py:78} INFO -                                  Dload  Upload   Total   Spent    Left  Speed
[2021-08-22 14:24:17,429] {subprocess.py:78} INFO -   0     0    0     0    0     0      0      0 --:--:-- --:--:-- --:--:--     0  0     0    0     0    0     0      0      0 --:--:-- --:--:-- --:--:--     0
[2021-08-22 14:24:17,775] {subprocess.py:78} INFO -  10 23603   10  2412    0     0   3041      0  0:00:07 --:--:--  0:00:07  3041100 23603  100 23603    0     0  28165      0 --:--:-- --:--:-- --:--:--  459k
[2021-08-22 14:24:17,776] {subprocess.py:82} INFO - Command exited with return code 0
[2021-08-22 14:24:17,856] {taskinstance.py:1211} INFO - Marking task as SUCCESS. dag_id=download_rocket_launches, task_id=download_launches, execution_date=20210822T142414, start_date=20210822T142416, end_date=20210822T142417
[2021-08-22 14:24:17,945] {taskinstance.py:1265} INFO - 1 downstream tasks scheduled from follow-on schedule check
[2021-08-22 14:24:17,988] {local_task_job.py:149} INFO - Task exited with return code 0
