[2021-08-22 15:14:47,389] {taskinstance.py:896} INFO - Dependencies all met for <TaskInstance: download_rocket_launches.get_pictures 2021-08-22T15:14:43.444047+00:00 [queued]>
[2021-08-22 15:14:47,739] {taskinstance.py:896} INFO - Dependencies all met for <TaskInstance: download_rocket_launches.get_pictures 2021-08-22T15:14:43.444047+00:00 [queued]>
[2021-08-22 15:14:47,739] {taskinstance.py:1087} INFO - 
--------------------------------------------------------------------------------
[2021-08-22 15:14:47,739] {taskinstance.py:1088} INFO - Starting attempt 1 of 1
[2021-08-22 15:14:47,739] {taskinstance.py:1089} INFO - 
--------------------------------------------------------------------------------
[2021-08-22 15:14:47,996] {taskinstance.py:1107} INFO - Executing <Task(PythonOperator): get_pictures> on 2021-08-22T15:14:43.444047+00:00
[2021-08-22 15:14:48,010] {standard_task_runner.py:76} INFO - Running: ['***', 'tasks', 'run', 'download_rocket_launches', 'get_pictures', '2021-08-22T15:14:43.444047+00:00', '--job-id', '77', '--pool', 'default_pool', '--raw', '--subdir', 'DAGS_FOLDER/1.rocket_launch_data.py', '--cfg-path', '/tmp/tmpk1favfzj', '--error-file', '/tmp/tmp8pzo0u30']
[2021-08-22 15:14:48,011] {standard_task_runner.py:77} INFO - Job 77: Subtask get_pictures
[2021-08-22 15:14:48,004] {standard_task_runner.py:52} INFO - Started process 1755 to run task
[2021-08-22 15:14:48,133] {logging_mixin.py:104} INFO - Running <TaskInstance: download_rocket_launches.get_pictures 2021-08-22T15:14:43.444047+00:00 [running]> on host b4dfeeeb641c
[2021-08-22 15:14:48,332] {taskinstance.py:1302} INFO - Exporting the following env vars:
AIRFLOW_CTX_DAG_OWNER=***
AIRFLOW_CTX_DAG_ID=download_rocket_launches
AIRFLOW_CTX_TASK_ID=get_pictures
AIRFLOW_CTX_EXECUTION_DATE=2021-08-22T15:14:43.444047+00:00
AIRFLOW_CTX_DAG_RUN_ID=manual__2021-08-22T15:14:43.444047+00:00
[2021-08-22 15:14:48,333] {python.py:151} INFO - Done. Returned value was: None
[2021-08-22 15:14:48,397] {taskinstance.py:1211} INFO - Marking task as SUCCESS. dag_id=download_rocket_launches, task_id=get_pictures, execution_date=20210822T151443, start_date=20210822T151447, end_date=20210822T151448
[2021-08-22 15:14:48,451] {taskinstance.py:1265} INFO - 1 downstream tasks scheduled from follow-on schedule check
[2021-08-22 15:14:48,469] {local_task_job.py:149} INFO - Task exited with return code 0
