[2021-08-22 15:36:30,208] {taskinstance.py:896} INFO - Dependencies all met for <TaskInstance: download_rocket_launches.get_pictures 2021-08-08T00:00:00+00:00 [queued]>
[2021-08-22 15:36:30,230] {taskinstance.py:896} INFO - Dependencies all met for <TaskInstance: download_rocket_launches.get_pictures 2021-08-08T00:00:00+00:00 [queued]>
[2021-08-22 15:36:30,230] {taskinstance.py:1087} INFO - 
--------------------------------------------------------------------------------
[2021-08-22 15:36:30,231] {taskinstance.py:1088} INFO - Starting attempt 2 of 2
[2021-08-22 15:36:30,231] {taskinstance.py:1089} INFO - 
--------------------------------------------------------------------------------
[2021-08-22 15:36:30,263] {taskinstance.py:1107} INFO - Executing <Task(PythonOperator): get_pictures> on 2021-08-08T00:00:00+00:00
[2021-08-22 15:36:30,271] {standard_task_runner.py:52} INFO - Started process 3149 to run task
[2021-08-22 15:36:30,279] {standard_task_runner.py:76} INFO - Running: ['***', 'tasks', 'run', 'download_rocket_launches', 'get_pictures', '2021-08-08T00:00:00+00:00', '--job-id', '106', '--pool', 'default_pool', '--raw', '--subdir', 'DAGS_FOLDER/1.rocket_launch_data.py', '--cfg-path', '/tmp/tmpost0i7hh', '--error-file', '/tmp/tmp3v5r0g1e']
[2021-08-22 15:36:30,279] {standard_task_runner.py:77} INFO - Job 106: Subtask get_pictures
[2021-08-22 15:36:30,365] {logging_mixin.py:104} INFO - Running <TaskInstance: download_rocket_launches.get_pictures 2021-08-08T00:00:00+00:00 [running]> on host b4dfeeeb641c
[2021-08-22 15:36:30,467] {taskinstance.py:1302} INFO - Exporting the following env vars:
AIRFLOW_CTX_DAG_OWNER=***
AIRFLOW_CTX_DAG_ID=download_rocket_launches
AIRFLOW_CTX_TASK_ID=get_pictures
AIRFLOW_CTX_EXECUTION_DATE=2021-08-08T00:00:00+00:00
AIRFLOW_CTX_DAG_RUN_ID=scheduled__2021-08-08T00:00:00+00:00
[2021-08-22 15:36:30,469] {python.py:151} INFO - Done. Returned value was: None
[2021-08-22 15:36:30,497] {taskinstance.py:1211} INFO - Marking task as SUCCESS. dag_id=download_rocket_launches, task_id=get_pictures, execution_date=20210808T000000, start_date=20210822T153630, end_date=20210822T153630
[2021-08-22 15:36:30,574] {taskinstance.py:1265} INFO - 1 downstream tasks scheduled from follow-on schedule check
[2021-08-22 15:36:30,611] {local_task_job.py:149} INFO - Task exited with return code 0
