[2021-08-22 10:58:46,270] {taskinstance.py:896} INFO - Dependencies all met for <TaskInstance: example_branch_operator.branching 2021-08-21T00:00:00+00:00 [queued]>
[2021-08-22 10:58:46,581] {taskinstance.py:896} INFO - Dependencies all met for <TaskInstance: example_branch_operator.branching 2021-08-21T00:00:00+00:00 [queued]>
[2021-08-22 10:58:46,584] {taskinstance.py:1087} INFO - 
--------------------------------------------------------------------------------
[2021-08-22 10:58:46,584] {taskinstance.py:1088} INFO - Starting attempt 1 of 1
[2021-08-22 10:58:46,584] {taskinstance.py:1089} INFO - 
--------------------------------------------------------------------------------
[2021-08-22 10:58:46,623] {taskinstance.py:1107} INFO - Executing <Task(BranchPythonOperator): branching> on 2021-08-21T00:00:00+00:00
[2021-08-22 10:58:46,629] {standard_task_runner.py:52} INFO - Started process 1287 to run task
[2021-08-22 10:58:46,652] {standard_task_runner.py:76} INFO - Running: ['***', 'tasks', 'run', 'example_branch_operator', 'branching', '2021-08-21T00:00:00+00:00', '--job-id', '12', '--pool', 'default_pool', '--raw', '--subdir', '/home/***/.local/lib/python3.6/site-packages/***/example_dags/example_branch_operator.py', '--cfg-path', '/tmp/tmpz_o6ewqn', '--error-file', '/tmp/tmp5uc0nto5']
[2021-08-22 10:58:46,653] {standard_task_runner.py:77} INFO - Job 12: Subtask branching
[2021-08-22 10:58:46,782] {logging_mixin.py:104} INFO - Running <TaskInstance: example_branch_operator.branching 2021-08-21T00:00:00+00:00 [running]> on host 8509baff7e0e
[2021-08-22 10:58:46,995] {taskinstance.py:1302} INFO - Exporting the following env vars:
AIRFLOW_CTX_DAG_OWNER=***
AIRFLOW_CTX_DAG_ID=example_branch_operator
AIRFLOW_CTX_TASK_ID=branching
AIRFLOW_CTX_EXECUTION_DATE=2021-08-21T00:00:00+00:00
AIRFLOW_CTX_DAG_RUN_ID=scheduled__2021-08-21T00:00:00+00:00
[2021-08-22 10:58:46,995] {python.py:151} INFO - Done. Returned value was: branch_a
[2021-08-22 10:58:46,996] {skipmixin.py:124} INFO - Following branch branch_a
[2021-08-22 10:58:47,011] {skipmixin.py:155} INFO - Skipping tasks ['branch_c', 'branch_b', 'branch_d']
[2021-08-22 10:58:47,170] {taskinstance.py:1211} INFO - Marking task as SUCCESS. dag_id=example_branch_operator, task_id=branching, execution_date=20210821T000000, start_date=20210822T105846, end_date=20210822T105847
[2021-08-22 10:58:47,387] {taskinstance.py:1265} INFO - 1 downstream tasks scheduled from follow-on schedule check
[2021-08-22 10:58:47,449] {local_task_job.py:149} INFO - Task exited with return code 0
