[2021-08-22 14:48:50,092] {taskinstance.py:896} INFO - Dependencies all met for <TaskInstance: download_rocket_launches.get_pictures 2021-08-12T00:00:00+00:00 [queued]>
[2021-08-22 14:48:50,308] {taskinstance.py:896} INFO - Dependencies all met for <TaskInstance: download_rocket_launches.get_pictures 2021-08-12T00:00:00+00:00 [queued]>
[2021-08-22 14:48:50,309] {taskinstance.py:1087} INFO - 
--------------------------------------------------------------------------------
[2021-08-22 14:48:50,309] {taskinstance.py:1088} INFO - Starting attempt 1 of 1
[2021-08-22 14:48:50,309] {taskinstance.py:1089} INFO - 
--------------------------------------------------------------------------------
[2021-08-22 14:48:50,650] {taskinstance.py:1107} INFO - Executing <Task(PythonOperator): get_pictures> on 2021-08-12T00:00:00+00:00
[2021-08-22 14:48:50,678] {standard_task_runner.py:52} INFO - Started process 119 to run task
[2021-08-22 14:48:50,735] {standard_task_runner.py:76} INFO - Running: ['***', 'tasks', 'run', 'download_rocket_launches', 'get_pictures', '2021-08-12T00:00:00+00:00', '--job-id', '41', '--pool', 'default_pool', '--raw', '--subdir', 'DAGS_FOLDER/1.rocket_launch_data.py', '--cfg-path', '/tmp/tmpq_3nc9av', '--error-file', '/tmp/tmpynkqj1mg']
[2021-08-22 14:48:50,736] {standard_task_runner.py:77} INFO - Job 41: Subtask get_pictures
[2021-08-22 14:48:51,206] {logging_mixin.py:104} INFO - Running <TaskInstance: download_rocket_launches.get_pictures 2021-08-12T00:00:00+00:00 [running]> on host b4dfeeeb641c
[2021-08-22 14:48:51,751] {taskinstance.py:1302} INFO - Exporting the following env vars:
AIRFLOW_CTX_DAG_OWNER=***
AIRFLOW_CTX_DAG_ID=download_rocket_launches
AIRFLOW_CTX_TASK_ID=get_pictures
AIRFLOW_CTX_EXECUTION_DATE=2021-08-12T00:00:00+00:00
AIRFLOW_CTX_DAG_RUN_ID=scheduled__2021-08-12T00:00:00+00:00
[2021-08-22 14:48:53,622] {logging_mixin.py:104} INFO - Downloaded https://spacelaunchnow-prod-east.nyc3.digitaloceanspaces.com/media/launch_images/soyuz25202.1b_image_20210520085931.jpeg to /tmp/images/soyuz25202.1b_image_20210520085931.jpeg
[2021-08-22 14:48:53,631] {logging_mixin.py:104} INFO - None appears to be an invalid URL.
[2021-08-22 14:48:55,819] {logging_mixin.py:104} INFO - Downloaded https://spacelaunchnow-prod-east.nyc3.digitaloceanspaces.com/media/launcher_images/long2520march25203_image_20190224025008.jpeg to /tmp/images/long2520march25203_image_20190224025008.jpeg
[2021-08-22 14:48:57,787] {logging_mixin.py:104} INFO - Downloaded https://spacelaunchnow-prod-east.nyc3.digitaloceanspaces.com/media/launcher_images/new2520shepard_image_20190207032624.jpeg to /tmp/images/new2520shepard_image_20190207032624.jpeg
[2021-08-22 14:48:59,761] {logging_mixin.py:104} INFO - Downloaded https://spacelaunchnow-prod-east.nyc3.digitaloceanspaces.com/media/launch_images/astra2520rocke_image_20210805160125.jpg to /tmp/images/astra2520rocke_image_20210805160125.jpg
[2021-08-22 14:49:01,385] {logging_mixin.py:104} INFO - Downloaded https://spacelaunchnow-prod-east.nyc3.digitaloceanspaces.com/media/launch_images/falcon2520925_image_20210520085649.jpeg to /tmp/images/falcon2520925_image_20210520085649.jpeg
[2021-08-22 14:49:03,598] {logging_mixin.py:104} INFO - Downloaded https://spacelaunchnow-prod-east.nyc3.digitaloceanspaces.com/media/launcher_images/long2520march25204_image_20190520170012.jpeg to /tmp/images/long2520march25204_image_20190520170012.jpeg
[2021-08-22 14:49:05,407] {logging_mixin.py:104} INFO - Downloaded https://spacelaunchnow-prod-east.nyc3.digitaloceanspaces.com/media/launcher_images/electron_image_20190705175640.jpeg to /tmp/images/electron_image_20190705175640.jpeg
[2021-08-22 14:49:06,839] {logging_mixin.py:104} INFO - Downloaded https://spacelaunchnow-prod-east.nyc3.digitaloceanspaces.com/media/launcher_images/soyuz_image_20190222031122.jpeg to /tmp/images/soyuz_image_20190222031122.jpeg
[2021-08-22 14:49:08,684] {logging_mixin.py:104} INFO - Downloaded https://spacelaunchnow-prod-east.nyc3.digitaloceanspaces.com/media/launcher_images/firefly_alpha_image_20210429094607.jpg to /tmp/images/firefly_alpha_image_20210429094607.jpg
[2021-08-22 14:49:08,685] {python.py:151} INFO - Done. Returned value was: None
[2021-08-22 14:49:09,288] {taskinstance.py:1211} INFO - Marking task as SUCCESS. dag_id=download_rocket_launches, task_id=get_pictures, execution_date=20210812T000000, start_date=20210822T144850, end_date=20210822T144909
[2021-08-22 14:49:10,298] {taskinstance.py:1265} INFO - 1 downstream tasks scheduled from follow-on schedule check
[2021-08-22 14:49:10,318] {local_task_job.py:149} INFO - Task exited with return code 0
