[2021-08-22 14:48:52,193] {taskinstance.py:896} INFO - Dependencies all met for <TaskInstance: download_rocket_launches.download_launches 2021-08-18T00:00:00+00:00 [queued]>
[2021-08-22 14:48:52,796] {taskinstance.py:896} INFO - Dependencies all met for <TaskInstance: download_rocket_launches.download_launches 2021-08-18T00:00:00+00:00 [queued]>
[2021-08-22 14:48:52,803] {taskinstance.py:1087} INFO - 
--------------------------------------------------------------------------------
[2021-08-22 14:48:52,803] {taskinstance.py:1088} INFO - Starting attempt 1 of 1
[2021-08-22 14:48:52,803] {taskinstance.py:1089} INFO - 
--------------------------------------------------------------------------------
[2021-08-22 14:48:53,329] {taskinstance.py:1107} INFO - Executing <Task(BashOperator): download_launches> on 2021-08-18T00:00:00+00:00
[2021-08-22 14:48:53,383] {standard_task_runner.py:52} INFO - Started process 131 to run task
[2021-08-22 14:48:53,426] {standard_task_runner.py:76} INFO - Running: ['***', 'tasks', 'run', 'download_rocket_launches', 'download_launches', '2021-08-18T00:00:00+00:00', '--job-id', '44', '--pool', 'default_pool', '--raw', '--subdir', 'DAGS_FOLDER/1.rocket_launch_data.py', '--cfg-path', '/tmp/tmpljtw9cub', '--error-file', '/tmp/tmpsglmsvac']
[2021-08-22 14:48:53,426] {standard_task_runner.py:77} INFO - Job 44: Subtask download_launches
[2021-08-22 14:48:54,049] {logging_mixin.py:104} INFO - Running <TaskInstance: download_rocket_launches.download_launches 2021-08-18T00:00:00+00:00 [running]> on host b4dfeeeb641c
[2021-08-22 14:48:55,570] {taskinstance.py:1302} INFO - Exporting the following env vars:
AIRFLOW_CTX_DAG_OWNER=***
AIRFLOW_CTX_DAG_ID=download_rocket_launches
AIRFLOW_CTX_TASK_ID=download_launches
AIRFLOW_CTX_EXECUTION_DATE=2021-08-18T00:00:00+00:00
AIRFLOW_CTX_DAG_RUN_ID=scheduled__2021-08-18T00:00:00+00:00
[2021-08-22 14:48:55,572] {subprocess.py:52} INFO - Tmp dir root location: 
 /tmp
[2021-08-22 14:48:55,573] {subprocess.py:63} INFO - Running command: ['bash', '-c', "curl -o /tmp/launches.json -L 'https://ll.thespacedevs.com/2.0.0/launch/upcoming'"]
[2021-08-22 14:48:56,369] {subprocess.py:74} INFO - Output:
[2021-08-22 14:49:08,379] {subprocess.py:78} INFO -   % Total    % Received % Xferd  Average Speed   Time    Time     Time  Current
[2021-08-22 14:49:08,543] {subprocess.py:78} INFO -                                  Dload  Upload   Total   Spent    Left  Speed
[2021-08-22 14:49:09,389] {subprocess.py:78} INFO -   0     0    0     0    0     0      0      0 --:--:-- --:--:-- --:--:--     0  0     0    0     0    0     0      0      0 --:--:-- --:--:-- --:--:--     0  0     0    0     0    0     0      0      0 --:--:--  0:00:01 --:--:--     0
[2021-08-22 14:49:09,726] {subprocess.py:78} INFO -  10 23603   10  2411    0     0   1840      0  0:00:12  0:00:01  0:00:11  1840100 23603  100 23603    0     0  17470      0  0:00:01  0:00:01 --:--:--  517k
[2021-08-22 14:49:09,864] {subprocess.py:82} INFO - Command exited with return code 0
[2021-08-22 14:49:10,628] {taskinstance.py:1211} INFO - Marking task as SUCCESS. dag_id=download_rocket_launches, task_id=download_launches, execution_date=20210818T000000, start_date=20210822T144852, end_date=20210822T144910
[2021-08-22 14:49:11,744] {taskinstance.py:1265} INFO - 1 downstream tasks scheduled from follow-on schedule check
[2021-08-22 14:49:11,820] {local_task_job.py:149} INFO - Task exited with return code 0
