[2021-08-22 14:24:20,246] {taskinstance.py:896} INFO - Dependencies all met for <TaskInstance: download_rocket_launches.get_pictures 2021-08-22T14:24:14.061085+00:00 [queued]>
[2021-08-22 14:24:20,268] {taskinstance.py:896} INFO - Dependencies all met for <TaskInstance: download_rocket_launches.get_pictures 2021-08-22T14:24:14.061085+00:00 [queued]>
[2021-08-22 14:24:20,268] {taskinstance.py:1087} INFO - 
--------------------------------------------------------------------------------
[2021-08-22 14:24:20,268] {taskinstance.py:1088} INFO - Starting attempt 1 of 1
[2021-08-22 14:24:20,268] {taskinstance.py:1089} INFO - 
--------------------------------------------------------------------------------
[2021-08-22 14:24:20,290] {taskinstance.py:1107} INFO - Executing <Task(PythonOperator): get_pictures> on 2021-08-22T14:24:14.061085+00:00
[2021-08-22 14:24:20,300] {standard_task_runner.py:76} INFO - Running: ['***', 'tasks', 'run', 'download_rocket_launches', 'get_pictures', '2021-08-22T14:24:14.061085+00:00', '--job-id', '25', '--pool', 'default_pool', '--raw', '--subdir', 'DAGS_FOLDER/1.rocket_launch_data.py', '--cfg-path', '/tmp/tmp9tgcvovg', '--error-file', '/tmp/tmpy734x_zx']
[2021-08-22 14:24:20,301] {standard_task_runner.py:77} INFO - Job 25: Subtask get_pictures
[2021-08-22 14:24:20,295] {standard_task_runner.py:52} INFO - Started process 787 to run task
[2021-08-22 14:24:20,362] {logging_mixin.py:104} INFO - Running <TaskInstance: download_rocket_launches.get_pictures 2021-08-22T14:24:14.061085+00:00 [running]> on host f91ff2939141
[2021-08-22 14:24:20,451] {taskinstance.py:1302} INFO - Exporting the following env vars:
AIRFLOW_CTX_DAG_OWNER=***
AIRFLOW_CTX_DAG_ID=download_rocket_launches
AIRFLOW_CTX_TASK_ID=get_pictures
AIRFLOW_CTX_EXECUTION_DATE=2021-08-22T14:24:14.061085+00:00
AIRFLOW_CTX_DAG_RUN_ID=manual__2021-08-22T14:24:14.061085+00:00
[2021-08-22 14:24:22,181] {logging_mixin.py:104} INFO - Downloaded https://spacelaunchnow-prod-east.nyc3.digitaloceanspaces.com/media/launch_images/soyuz25202.1b_image_20210520085931.jpeg to /tmp/images/soyuz25202.1b_image_20210520085931.jpeg
[2021-08-22 14:24:22,184] {logging_mixin.py:104} INFO - None appears to be an invalid URL.
[2021-08-22 14:24:23,764] {logging_mixin.py:104} INFO - Downloaded https://spacelaunchnow-prod-east.nyc3.digitaloceanspaces.com/media/launcher_images/long2520march25203_image_20190224025008.jpeg to /tmp/images/long2520march25203_image_20190224025008.jpeg
[2021-08-22 14:24:25,274] {logging_mixin.py:104} INFO - Downloaded https://spacelaunchnow-prod-east.nyc3.digitaloceanspaces.com/media/launcher_images/new2520shepard_image_20190207032624.jpeg to /tmp/images/new2520shepard_image_20190207032624.jpeg
[2021-08-22 14:24:26,942] {logging_mixin.py:104} INFO - Downloaded https://spacelaunchnow-prod-east.nyc3.digitaloceanspaces.com/media/launch_images/astra2520rocke_image_20210805160125.jpg to /tmp/images/astra2520rocke_image_20210805160125.jpg
[2021-08-22 14:24:28,295] {logging_mixin.py:104} INFO - Downloaded https://spacelaunchnow-prod-east.nyc3.digitaloceanspaces.com/media/launch_images/falcon2520925_image_20210520085649.jpeg to /tmp/images/falcon2520925_image_20210520085649.jpeg
[2021-08-22 14:24:29,877] {logging_mixin.py:104} INFO - Downloaded https://spacelaunchnow-prod-east.nyc3.digitaloceanspaces.com/media/launcher_images/long2520march25204_image_20190520170012.jpeg to /tmp/images/long2520march25204_image_20190520170012.jpeg
[2021-08-22 14:24:31,468] {logging_mixin.py:104} INFO - Downloaded https://spacelaunchnow-prod-east.nyc3.digitaloceanspaces.com/media/launcher_images/electron_image_20190705175640.jpeg to /tmp/images/electron_image_20190705175640.jpeg
[2021-08-22 14:24:32,861] {logging_mixin.py:104} INFO - Downloaded https://spacelaunchnow-prod-east.nyc3.digitaloceanspaces.com/media/launcher_images/soyuz_image_20190222031122.jpeg to /tmp/images/soyuz_image_20190222031122.jpeg
[2021-08-22 14:24:34,444] {logging_mixin.py:104} INFO - Downloaded https://spacelaunchnow-prod-east.nyc3.digitaloceanspaces.com/media/launcher_images/firefly_alpha_image_20210429094607.jpg to /tmp/images/firefly_alpha_image_20210429094607.jpg
[2021-08-22 14:24:34,445] {python.py:151} INFO - Done. Returned value was: None
[2021-08-22 14:24:34,625] {taskinstance.py:1211} INFO - Marking task as SUCCESS. dag_id=download_rocket_launches, task_id=get_pictures, execution_date=20210822T142414, start_date=20210822T142420, end_date=20210822T142434
[2021-08-22 14:24:34,691] {taskinstance.py:1265} INFO - 1 downstream tasks scheduled from follow-on schedule check
[2021-08-22 14:24:34,705] {local_task_job.py:149} INFO - Task exited with return code 0
