[2021-08-22 15:34:30,857] {taskinstance.py:896} INFO - Dependencies all met for <TaskInstance: download_rocket_launches.whoami 2021-08-10T00:00:00+00:00 [queued]>
[2021-08-22 15:34:30,920] {taskinstance.py:896} INFO - Dependencies all met for <TaskInstance: download_rocket_launches.whoami 2021-08-10T00:00:00+00:00 [queued]>
[2021-08-22 15:34:30,921] {taskinstance.py:1087} INFO - 
--------------------------------------------------------------------------------
[2021-08-22 15:34:30,921] {taskinstance.py:1088} INFO - Starting attempt 1 of 1
[2021-08-22 15:34:30,921] {taskinstance.py:1089} INFO - 
--------------------------------------------------------------------------------
[2021-08-22 15:34:31,048] {taskinstance.py:1107} INFO - Executing <Task(BashOperator): whoami> on 2021-08-10T00:00:00+00:00
[2021-08-22 15:34:31,054] {standard_task_runner.py:52} INFO - Started process 3006 to run task
[2021-08-22 15:34:31,076] {standard_task_runner.py:76} INFO - Running: ['***', 'tasks', 'run', 'download_rocket_launches', 'whoami', '2021-08-10T00:00:00+00:00', '--job-id', '98', '--pool', 'default_pool', '--raw', '--subdir', 'DAGS_FOLDER/1.rocket_launch_data.py', '--cfg-path', '/tmp/tmpctz6wa9y', '--error-file', '/tmp/tmpbo0ua3z9']
[2021-08-22 15:34:31,077] {standard_task_runner.py:77} INFO - Job 98: Subtask whoami
[2021-08-22 15:34:31,305] {logging_mixin.py:104} INFO - Running <TaskInstance: download_rocket_launches.whoami 2021-08-10T00:00:00+00:00 [running]> on host b4dfeeeb641c
[2021-08-22 15:34:31,523] {taskinstance.py:1302} INFO - Exporting the following env vars:
AIRFLOW_CTX_DAG_OWNER=***
AIRFLOW_CTX_DAG_ID=download_rocket_launches
AIRFLOW_CTX_TASK_ID=whoami
AIRFLOW_CTX_EXECUTION_DATE=2021-08-10T00:00:00+00:00
AIRFLOW_CTX_DAG_RUN_ID=scheduled__2021-08-10T00:00:00+00:00
[2021-08-22 15:34:31,524] {subprocess.py:52} INFO - Tmp dir root location: 
 /tmp
[2021-08-22 15:34:31,525] {subprocess.py:63} INFO - Running command: ['bash', '-c', 'echo $(whoami)']
[2021-08-22 15:34:31,570] {subprocess.py:74} INFO - Output:
[2021-08-22 15:34:31,612] {subprocess.py:78} INFO - default
[2021-08-22 15:34:31,612] {subprocess.py:82} INFO - Command exited with return code 0
[2021-08-22 15:34:31,802] {taskinstance.py:1211} INFO - Marking task as SUCCESS. dag_id=download_rocket_launches, task_id=whoami, execution_date=20210810T000000, start_date=20210822T153430, end_date=20210822T153431
[2021-08-22 15:34:32,036] {taskinstance.py:1265} INFO - 0 downstream tasks scheduled from follow-on schedule check
[2021-08-22 15:34:32,094] {local_task_job.py:149} INFO - Task exited with return code 0
