[2021-08-22 14:19:25,786] {taskinstance.py:896} INFO - Dependencies all met for <TaskInstance: download_rocket_launches.download_launches 2021-08-22T14:19:23.220991+00:00 [queued]>
[2021-08-22 14:19:25,842] {taskinstance.py:896} INFO - Dependencies all met for <TaskInstance: download_rocket_launches.download_launches 2021-08-22T14:19:23.220991+00:00 [queued]>
[2021-08-22 14:19:25,842] {taskinstance.py:1087} INFO - 
--------------------------------------------------------------------------------
[2021-08-22 14:19:25,842] {taskinstance.py:1088} INFO - Starting attempt 1 of 1
[2021-08-22 14:19:25,843] {taskinstance.py:1089} INFO - 
--------------------------------------------------------------------------------
[2021-08-22 14:19:25,860] {taskinstance.py:1107} INFO - Executing <Task(BashOperator): download_launches> on 2021-08-22T14:19:23.220991+00:00
[2021-08-22 14:19:25,865] {standard_task_runner.py:52} INFO - Started process 502 to run task
[2021-08-22 14:19:25,875] {standard_task_runner.py:76} INFO - Running: ['***', 'tasks', 'run', 'download_rocket_launches', 'download_launches', '2021-08-22T14:19:23.220991+00:00', '--job-id', '21', '--pool', 'default_pool', '--raw', '--subdir', 'DAGS_FOLDER/1.rocket_launch_data.py', '--cfg-path', '/tmp/tmpkg2xiu7b', '--error-file', '/tmp/tmpf1shbrxu']
[2021-08-22 14:19:25,876] {standard_task_runner.py:77} INFO - Job 21: Subtask download_launches
[2021-08-22 14:19:25,957] {logging_mixin.py:104} INFO - Running <TaskInstance: download_rocket_launches.download_launches 2021-08-22T14:19:23.220991+00:00 [running]> on host f91ff2939141
[2021-08-22 14:19:26,087] {taskinstance.py:1302} INFO - Exporting the following env vars:
AIRFLOW_CTX_DAG_OWNER=***
AIRFLOW_CTX_DAG_ID=download_rocket_launches
AIRFLOW_CTX_TASK_ID=download_launches
AIRFLOW_CTX_EXECUTION_DATE=2021-08-22T14:19:23.220991+00:00
AIRFLOW_CTX_DAG_RUN_ID=manual__2021-08-22T14:19:23.220991+00:00
[2021-08-22 14:19:26,088] {subprocess.py:52} INFO - Tmp dir root location: 
 /tmp
[2021-08-22 14:19:26,089] {subprocess.py:63} INFO - Running command: ['bash', '-c', "curl -o /tmp/launches.json -L 'https://ll.thespacedevs.com/2.0.0/launch/upcoming'"]
[2021-08-22 14:19:26,104] {subprocess.py:74} INFO - Output:
[2021-08-22 14:19:26,119] {subprocess.py:78} INFO -   % Total    % Received % Xferd  Average Speed   Time    Time     Time  Current
[2021-08-22 14:19:26,120] {subprocess.py:78} INFO -                                  Dload  Upload   Total   Spent    Left  Speed
[2021-08-22 14:19:26,547] {subprocess.py:78} INFO -   0     0    0     0    0     0      0      0 --:--:-- --:--:-- --:--:--     0  0     0    0     0    0     0      0      0 --:--:-- --:--:-- --:--:--     0
[2021-08-22 14:19:26,846] {subprocess.py:78} INFO -  16 23632   16  3787    0     0   5281      0  0:00:04 --:--:--  0:00:04  5281100 23632  100 23632    0     0  32550      0 --:--:-- --:--:-- --:--:-- 2153k
[2021-08-22 14:19:26,848] {subprocess.py:82} INFO - Command exited with return code 0
[2021-08-22 14:19:27,072] {taskinstance.py:1211} INFO - Marking task as SUCCESS. dag_id=download_rocket_launches, task_id=download_launches, execution_date=20210822T141923, start_date=20210822T141925, end_date=20210822T141927
[2021-08-22 14:19:27,260] {taskinstance.py:1265} INFO - 1 downstream tasks scheduled from follow-on schedule check
[2021-08-22 14:19:27,305] {local_task_job.py:149} INFO - Task exited with return code 0
