[2021-08-22 15:17:40,145] {taskinstance.py:896} INFO - Dependencies all met for <TaskInstance: download_rocket_launches.download_launches 2021-08-22T15:17:38.935236+00:00 [queued]>
[2021-08-22 15:17:40,301] {taskinstance.py:896} INFO - Dependencies all met for <TaskInstance: download_rocket_launches.download_launches 2021-08-22T15:17:38.935236+00:00 [queued]>
[2021-08-22 15:17:40,302] {taskinstance.py:1087} INFO - 
--------------------------------------------------------------------------------
[2021-08-22 15:17:40,302] {taskinstance.py:1088} INFO - Starting attempt 1 of 1
[2021-08-22 15:17:40,302] {taskinstance.py:1089} INFO - 
--------------------------------------------------------------------------------
[2021-08-22 15:17:40,390] {taskinstance.py:1107} INFO - Executing <Task(BashOperator): download_launches> on 2021-08-22T15:17:38.935236+00:00
[2021-08-22 15:17:40,396] {standard_task_runner.py:52} INFO - Started process 1929 to run task
[2021-08-22 15:17:40,407] {standard_task_runner.py:76} INFO - Running: ['***', 'tasks', 'run', 'download_rocket_launches', 'download_launches', '2021-08-22T15:17:38.935236+00:00', '--job-id', '79', '--pool', 'default_pool', '--raw', '--subdir', 'DAGS_FOLDER/1.rocket_launch_data.py', '--cfg-path', '/tmp/tmpu3o9khg8', '--error-file', '/tmp/tmp3qz44y9n']
[2021-08-22 15:17:40,408] {standard_task_runner.py:77} INFO - Job 79: Subtask download_launches
[2021-08-22 15:17:40,601] {logging_mixin.py:104} INFO - Running <TaskInstance: download_rocket_launches.download_launches 2021-08-22T15:17:38.935236+00:00 [running]> on host b4dfeeeb641c
[2021-08-22 15:17:41,027] {taskinstance.py:1302} INFO - Exporting the following env vars:
AIRFLOW_CTX_DAG_OWNER=***
AIRFLOW_CTX_DAG_ID=download_rocket_launches
AIRFLOW_CTX_TASK_ID=download_launches
AIRFLOW_CTX_EXECUTION_DATE=2021-08-22T15:17:38.935236+00:00
AIRFLOW_CTX_DAG_RUN_ID=manual__2021-08-22T15:17:38.935236+00:00
[2021-08-22 15:17:41,029] {subprocess.py:52} INFO - Tmp dir root location: 
 /tmp
[2021-08-22 15:17:41,029] {subprocess.py:63} INFO - Running command: ['bash', '-c', "curl -o /tmp/launches.json -L 'https://ll.thespacedevs.com/2.0.0/launch/upcoming'"]
[2021-08-22 15:17:41,053] {subprocess.py:74} INFO - Output:
[2021-08-22 15:17:41,075] {subprocess.py:78} INFO -   % Total    % Received % Xferd  Average Speed   Time    Time     Time  Current
[2021-08-22 15:17:41,075] {subprocess.py:78} INFO -                                  Dload  Upload   Total   Spent    Left  Speed
[2021-08-22 15:17:41,492] {subprocess.py:78} INFO -   0     0    0     0    0     0      0      0 --:--:-- --:--:-- --:--:--     0  0     0    0     0    0     0      0      0 --:--:-- --:--:-- --:--:--     0
[2021-08-22 15:17:41,834] {subprocess.py:78} INFO -  10 23603   10  2580    0     0   3598      0  0:00:06 --:--:--  0:00:06  3598100 23603  100 23603    0     0  31015      0 --:--:-- --:--:-- --:--:--  477k
[2021-08-22 15:17:41,859] {subprocess.py:82} INFO - Command exited with return code 0
[2021-08-22 15:17:43,109] {taskinstance.py:1211} INFO - Marking task as SUCCESS. dag_id=download_rocket_launches, task_id=download_launches, execution_date=20210822T151738, start_date=20210822T151740, end_date=20210822T151743
[2021-08-22 15:17:44,138] {taskinstance.py:1265} INFO - 1 downstream tasks scheduled from follow-on schedule check
[2021-08-22 15:17:44,168] {local_task_job.py:149} INFO - Task exited with return code 0
