[2021-08-22 15:33:02,156] {taskinstance.py:896} INFO - Dependencies all met for <TaskInstance: download_rocket_launches.download_launches 2021-08-22T15:32:59.427304+00:00 [queued]>
[2021-08-22 15:33:02,208] {taskinstance.py:896} INFO - Dependencies all met for <TaskInstance: download_rocket_launches.download_launches 2021-08-22T15:32:59.427304+00:00 [queued]>
[2021-08-22 15:33:02,208] {taskinstance.py:1087} INFO - 
--------------------------------------------------------------------------------
[2021-08-22 15:33:02,208] {taskinstance.py:1088} INFO - Starting attempt 1 of 1
[2021-08-22 15:33:02,208] {taskinstance.py:1089} INFO - 
--------------------------------------------------------------------------------
[2021-08-22 15:33:02,225] {taskinstance.py:1107} INFO - Executing <Task(BashOperator): download_launches> on 2021-08-22T15:32:59.427304+00:00
[2021-08-22 15:33:02,234] {standard_task_runner.py:76} INFO - Running: ['***', 'tasks', 'run', 'download_rocket_launches', 'download_launches', '2021-08-22T15:32:59.427304+00:00', '--job-id', '93', '--pool', 'default_pool', '--raw', '--subdir', 'DAGS_FOLDER/1.rocket_launch_data.py', '--cfg-path', '/tmp/tmpwapgwyf7', '--error-file', '/tmp/tmpa4phpfm4']
[2021-08-22 15:33:02,235] {standard_task_runner.py:77} INFO - Job 93: Subtask download_launches
[2021-08-22 15:33:02,229] {standard_task_runner.py:52} INFO - Started process 2882 to run task
[2021-08-22 15:33:02,301] {logging_mixin.py:104} INFO - Running <TaskInstance: download_rocket_launches.download_launches 2021-08-22T15:32:59.427304+00:00 [running]> on host b4dfeeeb641c
[2021-08-22 15:33:02,382] {taskinstance.py:1302} INFO - Exporting the following env vars:
AIRFLOW_CTX_DAG_OWNER=***
AIRFLOW_CTX_DAG_ID=download_rocket_launches
AIRFLOW_CTX_TASK_ID=download_launches
AIRFLOW_CTX_EXECUTION_DATE=2021-08-22T15:32:59.427304+00:00
AIRFLOW_CTX_DAG_RUN_ID=manual__2021-08-22T15:32:59.427304+00:00
[2021-08-22 15:33:02,383] {subprocess.py:52} INFO - Tmp dir root location: 
 /tmp
[2021-08-22 15:33:02,384] {subprocess.py:63} INFO - Running command: ['bash', '-c', "curl -o /tmp/launches.json -L 'https://ll.thespacedevs.com/2.0.0/launch/upcoming'"]
[2021-08-22 15:33:02,393] {subprocess.py:74} INFO - Output:
[2021-08-22 15:33:02,402] {subprocess.py:78} INFO -   % Total    % Received % Xferd  Average Speed   Time    Time     Time  Current
[2021-08-22 15:33:02,402] {subprocess.py:78} INFO -                                  Dload  Upload   Total   Spent    Left  Speed
[2021-08-22 15:33:02,839] {subprocess.py:78} INFO -   0     0    0     0    0     0      0      0 --:--:-- --:--:-- --:--:--     0  0     0    0     0    0     0      0      0 --:--:-- --:--:-- --:--:--     0  0     0    0     0    0     0      0      0 --:--:-- --:--:-- --:--:--     0
[2021-08-22 15:33:03,126] {subprocess.py:78} INFO - 100    70  100    70    0     0     96      0 --:--:-- --:--:-- --:--:--    96
[2021-08-22 15:33:03,129] {subprocess.py:82} INFO - Command exited with return code 0
[2021-08-22 15:33:03,280] {taskinstance.py:1211} INFO - Marking task as SUCCESS. dag_id=download_rocket_launches, task_id=download_launches, execution_date=20210822T153259, start_date=20210822T153302, end_date=20210822T153303
[2021-08-22 15:33:03,430] {taskinstance.py:1265} INFO - 1 downstream tasks scheduled from follow-on schedule check
[2021-08-22 15:33:03,470] {local_task_job.py:149} INFO - Task exited with return code 0
