[2021-08-22 14:52:45,451] {taskinstance.py:896} INFO - Dependencies all met for <TaskInstance: download_rocket_launches.download_launches 2021-08-22T14:52:44.148430+00:00 [queued]>
[2021-08-22 14:52:45,501] {taskinstance.py:896} INFO - Dependencies all met for <TaskInstance: download_rocket_launches.download_launches 2021-08-22T14:52:44.148430+00:00 [queued]>
[2021-08-22 14:52:45,501] {taskinstance.py:1087} INFO - 
--------------------------------------------------------------------------------
[2021-08-22 14:52:45,501] {taskinstance.py:1088} INFO - Starting attempt 1 of 1
[2021-08-22 14:52:45,501] {taskinstance.py:1089} INFO - 
--------------------------------------------------------------------------------
[2021-08-22 14:52:45,522] {taskinstance.py:1107} INFO - Executing <Task(BashOperator): download_launches> on 2021-08-22T14:52:44.148430+00:00
[2021-08-22 14:52:45,532] {standard_task_runner.py:76} INFO - Running: ['***', 'tasks', 'run', 'download_rocket_launches', 'download_launches', '2021-08-22T14:52:44.148430+00:00', '--job-id', '67', '--pool', 'default_pool', '--raw', '--subdir', 'DAGS_FOLDER/1.rocket_launch_data.py', '--cfg-path', '/tmp/tmpcwxqcihi', '--error-file', '/tmp/tmpq10238mu']
[2021-08-22 14:52:45,527] {standard_task_runner.py:52} INFO - Started process 427 to run task
[2021-08-22 14:52:45,533] {standard_task_runner.py:77} INFO - Job 67: Subtask download_launches
[2021-08-22 14:52:45,600] {logging_mixin.py:104} INFO - Running <TaskInstance: download_rocket_launches.download_launches 2021-08-22T14:52:44.148430+00:00 [running]> on host b4dfeeeb641c
[2021-08-22 14:52:45,714] {taskinstance.py:1302} INFO - Exporting the following env vars:
AIRFLOW_CTX_DAG_OWNER=***
AIRFLOW_CTX_DAG_ID=download_rocket_launches
AIRFLOW_CTX_TASK_ID=download_launches
AIRFLOW_CTX_EXECUTION_DATE=2021-08-22T14:52:44.148430+00:00
AIRFLOW_CTX_DAG_RUN_ID=manual__2021-08-22T14:52:44.148430+00:00
[2021-08-22 14:52:45,715] {subprocess.py:52} INFO - Tmp dir root location: 
 /tmp
[2021-08-22 14:52:45,716] {subprocess.py:63} INFO - Running command: ['bash', '-c', "curl -o /tmp/launches.json -L 'https://ll.thespacedevs.com/2.0.0/launch/upcoming'"]
[2021-08-22 14:52:45,727] {subprocess.py:74} INFO - Output:
[2021-08-22 14:52:45,738] {subprocess.py:78} INFO -   % Total    % Received % Xferd  Average Speed   Time    Time     Time  Current
[2021-08-22 14:52:45,738] {subprocess.py:78} INFO -                                  Dload  Upload   Total   Spent    Left  Speed
[2021-08-22 14:52:46,151] {subprocess.py:78} INFO -   0     0    0     0    0     0      0      0 --:--:-- --:--:-- --:--:--     0  0     0    0     0    0     0      0      0 --:--:-- --:--:-- --:--:--     0
[2021-08-22 14:52:46,456] {subprocess.py:78} INFO - 100    71  100    71    0     0     98      0 --:--:-- --:--:-- --:--:--    98
[2021-08-22 14:52:46,458] {subprocess.py:82} INFO - Command exited with return code 0
[2021-08-22 14:52:46,544] {taskinstance.py:1211} INFO - Marking task as SUCCESS. dag_id=download_rocket_launches, task_id=download_launches, execution_date=20210822T145244, start_date=20210822T145245, end_date=20210822T145246
[2021-08-22 14:52:46,599] {taskinstance.py:1265} INFO - 1 downstream tasks scheduled from follow-on schedule check
[2021-08-22 14:52:46,632] {local_task_job.py:149} INFO - Task exited with return code 0
