[2021-08-22 15:24:22,522] {taskinstance.py:896} INFO - Dependencies all met for <TaskInstance: download_rocket_launches.download_launches 2021-08-22T15:24:20.360330+00:00 [queued]>
[2021-08-22 15:24:23,037] {taskinstance.py:896} INFO - Dependencies all met for <TaskInstance: download_rocket_launches.download_launches 2021-08-22T15:24:20.360330+00:00 [queued]>
[2021-08-22 15:24:23,038] {taskinstance.py:1087} INFO - 
--------------------------------------------------------------------------------
[2021-08-22 15:24:23,038] {taskinstance.py:1088} INFO - Starting attempt 1 of 1
[2021-08-22 15:24:23,038] {taskinstance.py:1089} INFO - 
--------------------------------------------------------------------------------
[2021-08-22 15:24:23,368] {taskinstance.py:1107} INFO - Executing <Task(BashOperator): download_launches> on 2021-08-22T15:24:20.360330+00:00
[2021-08-22 15:24:23,385] {standard_task_runner.py:76} INFO - Running: ['***', 'tasks', 'run', 'download_rocket_launches', 'download_launches', '2021-08-22T15:24:20.360330+00:00', '--job-id', '82', '--pool', 'default_pool', '--raw', '--subdir', 'DAGS_FOLDER/1.rocket_launch_data.py', '--cfg-path', '/tmp/tmp5yrifflx', '--error-file', '/tmp/tmpycvibd_t']
[2021-08-22 15:24:23,377] {standard_task_runner.py:52} INFO - Started process 2335 to run task
[2021-08-22 15:24:23,386] {standard_task_runner.py:77} INFO - Job 82: Subtask download_launches
[2021-08-22 15:24:23,604] {logging_mixin.py:104} INFO - Running <TaskInstance: download_rocket_launches.download_launches 2021-08-22T15:24:20.360330+00:00 [running]> on host b4dfeeeb641c
[2021-08-22 15:24:24,259] {taskinstance.py:1302} INFO - Exporting the following env vars:
AIRFLOW_CTX_DAG_OWNER=***
AIRFLOW_CTX_DAG_ID=download_rocket_launches
AIRFLOW_CTX_TASK_ID=download_launches
AIRFLOW_CTX_EXECUTION_DATE=2021-08-22T15:24:20.360330+00:00
AIRFLOW_CTX_DAG_RUN_ID=manual__2021-08-22T15:24:20.360330+00:00
[2021-08-22 15:24:24,260] {subprocess.py:52} INFO - Tmp dir root location: 
 /tmp
[2021-08-22 15:24:24,261] {subprocess.py:63} INFO - Running command: ['bash', '-c', "curl -o /tmp/launches.json -L 'https://ll.thespacedevs.com/2.0.0/launch/upcoming'"]
[2021-08-22 15:24:24,271] {subprocess.py:74} INFO - Output:
[2021-08-22 15:24:24,279] {subprocess.py:78} INFO -   % Total    % Received % Xferd  Average Speed   Time    Time     Time  Current
[2021-08-22 15:24:24,280] {subprocess.py:78} INFO -                                  Dload  Upload   Total   Spent    Left  Speed
[2021-08-22 15:24:24,739] {subprocess.py:78} INFO -   0     0    0     0    0     0      0      0 --:--:-- --:--:-- --:--:--     0  0     0    0     0    0     0      0      0 --:--:-- --:--:-- --:--:--     0  0     0    0     0    0     0      0      0 --:--:-- --:--:-- --:--:--     0
[2021-08-22 15:24:25,035] {subprocess.py:78} INFO - 100 23603  100 23603    0     0  31262      0 --:--:-- --:--:-- --:--:-- 31262
[2021-08-22 15:24:25,037] {subprocess.py:82} INFO - Command exited with return code 0
[2021-08-22 15:24:25,112] {taskinstance.py:1211} INFO - Marking task as SUCCESS. dag_id=download_rocket_launches, task_id=download_launches, execution_date=20210822T152420, start_date=20210822T152422, end_date=20210822T152425
[2021-08-22 15:24:25,178] {taskinstance.py:1265} INFO - 1 downstream tasks scheduled from follow-on schedule check
[2021-08-22 15:24:25,217] {local_task_job.py:149} INFO - Task exited with return code 0
