[2021-08-22 15:26:56,349] {taskinstance.py:896} INFO - Dependencies all met for <TaskInstance: download_rocket_launches.download_launches 2021-08-22T15:26:53.140204+00:00 [queued]>
[2021-08-22 15:26:56,420] {taskinstance.py:896} INFO - Dependencies all met for <TaskInstance: download_rocket_launches.download_launches 2021-08-22T15:26:53.140204+00:00 [queued]>
[2021-08-22 15:26:56,420] {taskinstance.py:1087} INFO - 
--------------------------------------------------------------------------------
[2021-08-22 15:26:56,420] {taskinstance.py:1088} INFO - Starting attempt 1 of 1
[2021-08-22 15:26:56,420] {taskinstance.py:1089} INFO - 
--------------------------------------------------------------------------------
[2021-08-22 15:26:56,442] {taskinstance.py:1107} INFO - Executing <Task(BashOperator): download_launches> on 2021-08-22T15:26:53.140204+00:00
[2021-08-22 15:26:56,447] {standard_task_runner.py:52} INFO - Started process 2493 to run task
[2021-08-22 15:26:56,452] {standard_task_runner.py:76} INFO - Running: ['***', 'tasks', 'run', 'download_rocket_launches', 'download_launches', '2021-08-22T15:26:53.140204+00:00', '--job-id', '85', '--pool', 'default_pool', '--raw', '--subdir', 'DAGS_FOLDER/1.rocket_launch_data.py', '--cfg-path', '/tmp/tmpvsuou8ko', '--error-file', '/tmp/tmp1779sa4j']
[2021-08-22 15:26:56,453] {standard_task_runner.py:77} INFO - Job 85: Subtask download_launches
[2021-08-22 15:26:56,513] {logging_mixin.py:104} INFO - Running <TaskInstance: download_rocket_launches.download_launches 2021-08-22T15:26:53.140204+00:00 [running]> on host b4dfeeeb641c
[2021-08-22 15:26:56,610] {taskinstance.py:1302} INFO - Exporting the following env vars:
AIRFLOW_CTX_DAG_OWNER=***
AIRFLOW_CTX_DAG_ID=download_rocket_launches
AIRFLOW_CTX_TASK_ID=download_launches
AIRFLOW_CTX_EXECUTION_DATE=2021-08-22T15:26:53.140204+00:00
AIRFLOW_CTX_DAG_RUN_ID=manual__2021-08-22T15:26:53.140204+00:00
[2021-08-22 15:26:56,611] {subprocess.py:52} INFO - Tmp dir root location: 
 /tmp
[2021-08-22 15:26:56,611] {subprocess.py:63} INFO - Running command: ['bash', '-c', "curl -o /tmp/launches.json -L 'https://ll.thespacedevs.com/2.0.0/launch/upcoming'"]
[2021-08-22 15:26:56,621] {subprocess.py:74} INFO - Output:
[2021-08-22 15:26:56,631] {subprocess.py:78} INFO -   % Total    % Received % Xferd  Average Speed   Time    Time     Time  Current
[2021-08-22 15:26:56,631] {subprocess.py:78} INFO -                                  Dload  Upload   Total   Spent    Left  Speed
[2021-08-22 15:26:57,041] {subprocess.py:78} INFO -   0     0    0     0    0     0      0      0 --:--:-- --:--:-- --:--:--     0  0     0    0     0    0     0      0      0 --:--:-- --:--:-- --:--:--     0  0     0    0     0    0     0      0      0 --:--:-- --:--:-- --:--:--     0
[2021-08-22 15:26:57,410] {subprocess.py:78} INFO - 100 23603  100 23603    0     0  30299      0 --:--:-- --:--:-- --:--:-- 30299
[2021-08-22 15:26:57,411] {subprocess.py:82} INFO - Command exited with return code 0
[2021-08-22 15:26:57,642] {taskinstance.py:1211} INFO - Marking task as SUCCESS. dag_id=download_rocket_launches, task_id=download_launches, execution_date=20210822T152653, start_date=20210822T152656, end_date=20210822T152657
[2021-08-22 15:26:57,720] {taskinstance.py:1265} INFO - 1 downstream tasks scheduled from follow-on schedule check
[2021-08-22 15:26:57,749] {local_task_job.py:149} INFO - Task exited with return code 0
