[2021-08-22 15:14:49,881] {taskinstance.py:896} INFO - Dependencies all met for <TaskInstance: download_rocket_launches.notify 2021-08-22T15:14:43.444047+00:00 [queued]>
[2021-08-22 15:14:49,906] {taskinstance.py:896} INFO - Dependencies all met for <TaskInstance: download_rocket_launches.notify 2021-08-22T15:14:43.444047+00:00 [queued]>
[2021-08-22 15:14:49,907] {taskinstance.py:1087} INFO - 
--------------------------------------------------------------------------------
[2021-08-22 15:14:49,907] {taskinstance.py:1088} INFO - Starting attempt 1 of 1
[2021-08-22 15:14:49,907] {taskinstance.py:1089} INFO - 
--------------------------------------------------------------------------------
[2021-08-22 15:14:49,929] {taskinstance.py:1107} INFO - Executing <Task(BashOperator): notify> on 2021-08-22T15:14:43.444047+00:00
[2021-08-22 15:14:49,933] {standard_task_runner.py:52} INFO - Started process 1757 to run task
[2021-08-22 15:14:49,939] {standard_task_runner.py:76} INFO - Running: ['***', 'tasks', 'run', 'download_rocket_launches', 'notify', '2021-08-22T15:14:43.444047+00:00', '--job-id', '78', '--pool', 'default_pool', '--raw', '--subdir', 'DAGS_FOLDER/1.rocket_launch_data.py', '--cfg-path', '/tmp/tmptc4gkat2', '--error-file', '/tmp/tmphmqvoh4_']
[2021-08-22 15:14:49,940] {standard_task_runner.py:77} INFO - Job 78: Subtask notify
[2021-08-22 15:14:50,003] {logging_mixin.py:104} INFO - Running <TaskInstance: download_rocket_launches.notify 2021-08-22T15:14:43.444047+00:00 [running]> on host b4dfeeeb641c
[2021-08-22 15:14:50,071] {taskinstance.py:1302} INFO - Exporting the following env vars:
AIRFLOW_CTX_DAG_OWNER=***
AIRFLOW_CTX_DAG_ID=download_rocket_launches
AIRFLOW_CTX_TASK_ID=notify
AIRFLOW_CTX_EXECUTION_DATE=2021-08-22T15:14:43.444047+00:00
AIRFLOW_CTX_DAG_RUN_ID=manual__2021-08-22T15:14:43.444047+00:00
[2021-08-22 15:14:50,073] {subprocess.py:52} INFO - Tmp dir root location: 
 /tmp
[2021-08-22 15:14:50,074] {subprocess.py:63} INFO - Running command: ['bash', '-c', 'echo "There are now $(ls /tmp/images/ | wc -l) images."']
[2021-08-22 15:14:50,084] {subprocess.py:74} INFO - Output:
[2021-08-22 15:14:50,088] {subprocess.py:78} INFO - There are now 9 images.
[2021-08-22 15:14:50,089] {subprocess.py:82} INFO - Command exited with return code 0
[2021-08-22 15:14:50,140] {taskinstance.py:1211} INFO - Marking task as SUCCESS. dag_id=download_rocket_launches, task_id=notify, execution_date=20210822T151443, start_date=20210822T151449, end_date=20210822T151450
[2021-08-22 15:14:50,184] {taskinstance.py:1265} INFO - 0 downstream tasks scheduled from follow-on schedule check
[2021-08-22 15:14:50,194] {local_task_job.py:149} INFO - Task exited with return code 0
