[2021-08-22 14:49:14,487] {taskinstance.py:896} INFO - Dependencies all met for <TaskInstance: download_rocket_launches.notify 2021-08-11T00:00:00+00:00 [queued]>
[2021-08-22 14:49:14,787] {taskinstance.py:896} INFO - Dependencies all met for <TaskInstance: download_rocket_launches.notify 2021-08-11T00:00:00+00:00 [queued]>
[2021-08-22 14:49:14,787] {taskinstance.py:1087} INFO - 
--------------------------------------------------------------------------------
[2021-08-22 14:49:14,788] {taskinstance.py:1088} INFO - Starting attempt 1 of 1
[2021-08-22 14:49:14,788] {taskinstance.py:1089} INFO - 
--------------------------------------------------------------------------------
[2021-08-22 14:49:15,530] {taskinstance.py:1107} INFO - Executing <Task(BashOperator): notify> on 2021-08-11T00:00:00+00:00
[2021-08-22 14:49:15,542] {standard_task_runner.py:52} INFO - Started process 183 to run task
[2021-08-22 14:49:15,600] {standard_task_runner.py:76} INFO - Running: ['***', 'tasks', 'run', 'download_rocket_launches', 'notify', '2021-08-11T00:00:00+00:00', '--job-id', '54', '--pool', 'default_pool', '--raw', '--subdir', 'DAGS_FOLDER/download_rocket_launches.py', '--cfg-path', '/tmp/tmp9zrhxh_i', '--error-file', '/tmp/tmpjuesqbrd']
[2021-08-22 14:49:15,609] {standard_task_runner.py:77} INFO - Job 54: Subtask notify
[2021-08-22 14:49:16,056] {logging_mixin.py:104} INFO - Running <TaskInstance: download_rocket_launches.notify 2021-08-11T00:00:00+00:00 [running]> on host b4dfeeeb641c
[2021-08-22 14:49:17,099] {taskinstance.py:1302} INFO - Exporting the following env vars:
AIRFLOW_CTX_DAG_OWNER=***
AIRFLOW_CTX_DAG_ID=download_rocket_launches
AIRFLOW_CTX_TASK_ID=notify
AIRFLOW_CTX_EXECUTION_DATE=2021-08-11T00:00:00+00:00
AIRFLOW_CTX_DAG_RUN_ID=scheduled__2021-08-11T00:00:00+00:00
[2021-08-22 14:49:17,100] {subprocess.py:52} INFO - Tmp dir root location: 
 /tmp
[2021-08-22 14:49:17,101] {subprocess.py:63} INFO - Running command: ['bash', '-c', 'echo "There are now $(ls /tmp/images/ | wc -l) images."']
[2021-08-22 14:49:17,280] {subprocess.py:74} INFO - Output:
[2021-08-22 14:49:17,365] {subprocess.py:78} INFO - There are now 9 images.
[2021-08-22 14:49:17,369] {subprocess.py:82} INFO - Command exited with return code 0
[2021-08-22 14:49:18,047] {taskinstance.py:1211} INFO - Marking task as SUCCESS. dag_id=download_rocket_launches, task_id=notify, execution_date=20210811T000000, start_date=20210822T144914, end_date=20210822T144918
[2021-08-22 14:49:18,877] {taskinstance.py:1265} INFO - 0 downstream tasks scheduled from follow-on schedule check
[2021-08-22 14:49:19,028] {local_task_job.py:149} INFO - Task exited with return code 0
