[2021-08-22 15:24:25,841] {taskinstance.py:896} INFO - Dependencies all met for <TaskInstance: download_rocket_launches.get_pictures 2021-08-22T15:24:20.360330+00:00 [queued]>
[2021-08-22 15:24:25,867] {taskinstance.py:896} INFO - Dependencies all met for <TaskInstance: download_rocket_launches.get_pictures 2021-08-22T15:24:20.360330+00:00 [queued]>
[2021-08-22 15:24:25,868] {taskinstance.py:1087} INFO - 
--------------------------------------------------------------------------------
[2021-08-22 15:24:25,868] {taskinstance.py:1088} INFO - Starting attempt 1 of 1
[2021-08-22 15:24:25,868] {taskinstance.py:1089} INFO - 
--------------------------------------------------------------------------------
[2021-08-22 15:24:25,901] {taskinstance.py:1107} INFO - Executing <Task(PythonOperator): get_pictures> on 2021-08-22T15:24:20.360330+00:00
[2021-08-22 15:24:25,906] {standard_task_runner.py:52} INFO - Started process 2339 to run task
[2021-08-22 15:24:25,912] {standard_task_runner.py:76} INFO - Running: ['***', 'tasks', 'run', 'download_rocket_launches', 'get_pictures', '2021-08-22T15:24:20.360330+00:00', '--job-id', '83', '--pool', 'default_pool', '--raw', '--subdir', 'DAGS_FOLDER/1.rocket_launch_data.py', '--cfg-path', '/tmp/tmp133sbce4', '--error-file', '/tmp/tmp72dh831m']
[2021-08-22 15:24:25,913] {standard_task_runner.py:77} INFO - Job 83: Subtask get_pictures
[2021-08-22 15:24:25,980] {logging_mixin.py:104} INFO - Running <TaskInstance: download_rocket_launches.get_pictures 2021-08-22T15:24:20.360330+00:00 [running]> on host b4dfeeeb641c
[2021-08-22 15:24:26,066] {taskinstance.py:1302} INFO - Exporting the following env vars:
AIRFLOW_CTX_DAG_OWNER=***
AIRFLOW_CTX_DAG_ID=download_rocket_launches
AIRFLOW_CTX_TASK_ID=get_pictures
AIRFLOW_CTX_EXECUTION_DATE=2021-08-22T15:24:20.360330+00:00
AIRFLOW_CTX_DAG_RUN_ID=manual__2021-08-22T15:24:20.360330+00:00
[2021-08-22 15:24:27,688] {logging_mixin.py:104} INFO - Downloaded https://spacelaunchnow-prod-east.nyc3.digitaloceanspaces.com/media/launch_images/soyuz25202.1b_image_20210520085931.jpeg to /tmp/images/soyuz25202.1b_image_20210520085931.jpeg
[2021-08-22 15:24:27,689] {logging_mixin.py:104} INFO - None appears to be an invalid URL.
[2021-08-22 15:24:29,290] {logging_mixin.py:104} INFO - Downloaded https://spacelaunchnow-prod-east.nyc3.digitaloceanspaces.com/media/launcher_images/long2520march25203_image_20190224025008.jpeg to /tmp/images/long2520march25203_image_20190224025008.jpeg
[2021-08-22 15:24:30,913] {logging_mixin.py:104} INFO - Downloaded https://spacelaunchnow-prod-east.nyc3.digitaloceanspaces.com/media/launcher_images/new2520shepard_image_20190207032624.jpeg to /tmp/images/new2520shepard_image_20190207032624.jpeg
[2021-08-22 15:24:32,347] {logging_mixin.py:104} INFO - Downloaded https://spacelaunchnow-prod-east.nyc3.digitaloceanspaces.com/media/launch_images/astra2520rocke_image_20210805160125.jpg to /tmp/images/astra2520rocke_image_20210805160125.jpg
[2021-08-22 15:24:33,750] {logging_mixin.py:104} INFO - Downloaded https://spacelaunchnow-prod-east.nyc3.digitaloceanspaces.com/media/launch_images/falcon2520925_image_20210520085649.jpeg to /tmp/images/falcon2520925_image_20210520085649.jpeg
[2021-08-22 15:24:35,623] {logging_mixin.py:104} INFO - Downloaded https://spacelaunchnow-prod-east.nyc3.digitaloceanspaces.com/media/launcher_images/long2520march25204_image_20190520170012.jpeg to /tmp/images/long2520march25204_image_20190520170012.jpeg
[2021-08-22 15:24:37,255] {logging_mixin.py:104} INFO - Downloaded https://spacelaunchnow-prod-east.nyc3.digitaloceanspaces.com/media/launcher_images/electron_image_20190705175640.jpeg to /tmp/images/electron_image_20190705175640.jpeg
[2021-08-22 15:24:38,923] {logging_mixin.py:104} INFO - Downloaded https://spacelaunchnow-prod-east.nyc3.digitaloceanspaces.com/media/launcher_images/soyuz_image_20190222031122.jpeg to /tmp/images/soyuz_image_20190222031122.jpeg
[2021-08-22 15:24:40,648] {logging_mixin.py:104} INFO - Downloaded https://spacelaunchnow-prod-east.nyc3.digitaloceanspaces.com/media/launcher_images/firefly_alpha_image_20210429094607.jpg to /tmp/images/firefly_alpha_image_20210429094607.jpg
[2021-08-22 15:24:40,651] {python.py:151} INFO - Done. Returned value was: None
[2021-08-22 15:24:41,149] {taskinstance.py:1211} INFO - Marking task as SUCCESS. dag_id=download_rocket_launches, task_id=get_pictures, execution_date=20210822T152420, start_date=20210822T152425, end_date=20210822T152441
[2021-08-22 15:24:41,357] {taskinstance.py:1265} INFO - 1 downstream tasks scheduled from follow-on schedule check
[2021-08-22 15:24:41,375] {local_task_job.py:149} INFO - Task exited with return code 0
