[2021-08-22 15:34:33,124] {taskinstance.py:896} INFO - Dependencies all met for <TaskInstance: download_rocket_launches.whoami 2021-08-14T00:00:00+00:00 [queued]>
[2021-08-22 15:34:33,317] {taskinstance.py:896} INFO - Dependencies all met for <TaskInstance: download_rocket_launches.whoami 2021-08-14T00:00:00+00:00 [queued]>
[2021-08-22 15:34:33,317] {taskinstance.py:1087} INFO - 
--------------------------------------------------------------------------------
[2021-08-22 15:34:33,317] {taskinstance.py:1088} INFO - Starting attempt 1 of 1
[2021-08-22 15:34:33,317] {taskinstance.py:1089} INFO - 
--------------------------------------------------------------------------------
[2021-08-22 15:34:33,412] {taskinstance.py:1107} INFO - Executing <Task(BashOperator): whoami> on 2021-08-14T00:00:00+00:00
[2021-08-22 15:34:33,426] {standard_task_runner.py:52} INFO - Started process 3017 to run task
[2021-08-22 15:34:33,448] {standard_task_runner.py:76} INFO - Running: ['***', 'tasks', 'run', 'download_rocket_launches', 'whoami', '2021-08-14T00:00:00+00:00', '--job-id', '101', '--pool', 'default_pool', '--raw', '--subdir', 'DAGS_FOLDER/1.rocket_launch_data.py', '--cfg-path', '/tmp/tmpui2fn5g4', '--error-file', '/tmp/tmp6155otmd']
[2021-08-22 15:34:33,448] {standard_task_runner.py:77} INFO - Job 101: Subtask whoami
[2021-08-22 15:34:33,598] {logging_mixin.py:104} INFO - Running <TaskInstance: download_rocket_launches.whoami 2021-08-14T00:00:00+00:00 [running]> on host b4dfeeeb641c
[2021-08-22 15:34:33,900] {taskinstance.py:1302} INFO - Exporting the following env vars:
AIRFLOW_CTX_DAG_OWNER=***
AIRFLOW_CTX_DAG_ID=download_rocket_launches
AIRFLOW_CTX_TASK_ID=whoami
AIRFLOW_CTX_EXECUTION_DATE=2021-08-14T00:00:00+00:00
AIRFLOW_CTX_DAG_RUN_ID=scheduled__2021-08-14T00:00:00+00:00
[2021-08-22 15:34:33,902] {subprocess.py:52} INFO - Tmp dir root location: 
 /tmp
[2021-08-22 15:34:33,918] {subprocess.py:63} INFO - Running command: ['bash', '-c', 'echo $(whoami)']
[2021-08-22 15:34:33,985] {subprocess.py:74} INFO - Output:
[2021-08-22 15:34:34,010] {subprocess.py:78} INFO - default
[2021-08-22 15:34:34,011] {subprocess.py:82} INFO - Command exited with return code 0
[2021-08-22 15:34:34,179] {taskinstance.py:1211} INFO - Marking task as SUCCESS. dag_id=download_rocket_launches, task_id=whoami, execution_date=20210814T000000, start_date=20210822T153433, end_date=20210822T153434
[2021-08-22 15:34:34,319] {taskinstance.py:1265} INFO - 0 downstream tasks scheduled from follow-on schedule check
[2021-08-22 15:34:34,381] {local_task_job.py:149} INFO - Task exited with return code 0
