[2021-08-22 15:24:42,749] {taskinstance.py:896} INFO - Dependencies all met for <TaskInstance: download_rocket_launches.notify 2021-08-22T15:24:20.360330+00:00 [queued]>
[2021-08-22 15:24:42,779] {taskinstance.py:896} INFO - Dependencies all met for <TaskInstance: download_rocket_launches.notify 2021-08-22T15:24:20.360330+00:00 [queued]>
[2021-08-22 15:24:42,780] {taskinstance.py:1087} INFO - 
--------------------------------------------------------------------------------
[2021-08-22 15:24:42,780] {taskinstance.py:1088} INFO - Starting attempt 1 of 1
[2021-08-22 15:24:42,780] {taskinstance.py:1089} INFO - 
--------------------------------------------------------------------------------
[2021-08-22 15:24:42,802] {taskinstance.py:1107} INFO - Executing <Task(BashOperator): notify> on 2021-08-22T15:24:20.360330+00:00
[2021-08-22 15:24:42,806] {standard_task_runner.py:52} INFO - Started process 2354 to run task
[2021-08-22 15:24:42,811] {standard_task_runner.py:76} INFO - Running: ['***', 'tasks', 'run', 'download_rocket_launches', 'notify', '2021-08-22T15:24:20.360330+00:00', '--job-id', '84', '--pool', 'default_pool', '--raw', '--subdir', 'DAGS_FOLDER/1.rocket_launch_data.py', '--cfg-path', '/tmp/tmpx2eavgb_', '--error-file', '/tmp/tmpoipgemm8']
[2021-08-22 15:24:42,812] {standard_task_runner.py:77} INFO - Job 84: Subtask notify
[2021-08-22 15:24:42,860] {logging_mixin.py:104} INFO - Running <TaskInstance: download_rocket_launches.notify 2021-08-22T15:24:20.360330+00:00 [running]> on host b4dfeeeb641c
[2021-08-22 15:24:42,980] {taskinstance.py:1302} INFO - Exporting the following env vars:
AIRFLOW_CTX_DAG_OWNER=***
AIRFLOW_CTX_DAG_ID=download_rocket_launches
AIRFLOW_CTX_TASK_ID=notify
AIRFLOW_CTX_EXECUTION_DATE=2021-08-22T15:24:20.360330+00:00
AIRFLOW_CTX_DAG_RUN_ID=manual__2021-08-22T15:24:20.360330+00:00
[2021-08-22 15:24:42,981] {subprocess.py:52} INFO - Tmp dir root location: 
 /tmp
[2021-08-22 15:24:42,982] {subprocess.py:63} INFO - Running command: ['bash', '-c', 'echo "There are now $(ls /tmp/images/ | wc -l) images."']
[2021-08-22 15:24:42,993] {subprocess.py:74} INFO - Output:
[2021-08-22 15:24:43,018] {subprocess.py:78} INFO - There are now 9 images.
[2021-08-22 15:24:43,018] {subprocess.py:82} INFO - Command exited with return code 0
[2021-08-22 15:24:43,090] {taskinstance.py:1211} INFO - Marking task as SUCCESS. dag_id=download_rocket_launches, task_id=notify, execution_date=20210822T152420, start_date=20210822T152442, end_date=20210822T152443
[2021-08-22 15:24:43,135] {taskinstance.py:1265} INFO - 0 downstream tasks scheduled from follow-on schedule check
[2021-08-22 15:24:43,145] {local_task_job.py:149} INFO - Task exited with return code 0
