[2021-08-22 14:49:23,910] {taskinstance.py:896} INFO - Dependencies all met for <TaskInstance: download_rocket_launches.notify 2021-08-15T00:00:00+00:00 [queued]>
[2021-08-22 14:49:24,327] {taskinstance.py:896} INFO - Dependencies all met for <TaskInstance: download_rocket_launches.notify 2021-08-15T00:00:00+00:00 [queued]>
[2021-08-22 14:49:24,327] {taskinstance.py:1087} INFO - 
--------------------------------------------------------------------------------
[2021-08-22 14:49:24,328] {taskinstance.py:1088} INFO - Starting attempt 1 of 1
[2021-08-22 14:49:24,328] {taskinstance.py:1089} INFO - 
--------------------------------------------------------------------------------
[2021-08-22 14:49:24,574] {taskinstance.py:1107} INFO - Executing <Task(BashOperator): notify> on 2021-08-15T00:00:00+00:00
[2021-08-22 14:49:24,595] {standard_task_runner.py:52} INFO - Started process 214 to run task
[2021-08-22 14:49:24,626] {standard_task_runner.py:76} INFO - Running: ['***', 'tasks', 'run', 'download_rocket_launches', 'notify', '2021-08-15T00:00:00+00:00', '--job-id', '62', '--pool', 'default_pool', '--raw', '--subdir', 'DAGS_FOLDER/download_rocket_launches.py', '--cfg-path', '/tmp/tmp1ot36g4r', '--error-file', '/tmp/tmpfq8tiwf_']
[2021-08-22 14:49:24,627] {standard_task_runner.py:77} INFO - Job 62: Subtask notify
[2021-08-22 14:49:24,932] {logging_mixin.py:104} INFO - Running <TaskInstance: download_rocket_launches.notify 2021-08-15T00:00:00+00:00 [running]> on host b4dfeeeb641c
[2021-08-22 14:49:25,459] {taskinstance.py:1302} INFO - Exporting the following env vars:
AIRFLOW_CTX_DAG_OWNER=***
AIRFLOW_CTX_DAG_ID=download_rocket_launches
AIRFLOW_CTX_TASK_ID=notify
AIRFLOW_CTX_EXECUTION_DATE=2021-08-15T00:00:00+00:00
AIRFLOW_CTX_DAG_RUN_ID=scheduled__2021-08-15T00:00:00+00:00
[2021-08-22 14:49:25,461] {subprocess.py:52} INFO - Tmp dir root location: 
 /tmp
[2021-08-22 14:49:25,462] {subprocess.py:63} INFO - Running command: ['bash', '-c', 'echo "There are now $(ls /tmp/images/ | wc -l) images."']
[2021-08-22 14:49:25,599] {subprocess.py:74} INFO - Output:
[2021-08-22 14:49:25,644] {subprocess.py:78} INFO - There are now 9 images.
[2021-08-22 14:49:25,645] {subprocess.py:82} INFO - Command exited with return code 0
[2021-08-22 14:49:27,017] {taskinstance.py:1211} INFO - Marking task as SUCCESS. dag_id=download_rocket_launches, task_id=notify, execution_date=20210815T000000, start_date=20210822T144923, end_date=20210822T144927
[2021-08-22 14:49:28,070] {taskinstance.py:1265} INFO - 0 downstream tasks scheduled from follow-on schedule check
[2021-08-22 14:49:28,100] {local_task_job.py:149} INFO - Task exited with return code 0
