[2021-08-22 15:36:42,261] {taskinstance.py:896} INFO - Dependencies all met for <TaskInstance: download_rocket_launches.notify 2021-08-18T00:00:00+00:00 [queued]>
[2021-08-22 15:36:42,287] {taskinstance.py:896} INFO - Dependencies all met for <TaskInstance: download_rocket_launches.notify 2021-08-18T00:00:00+00:00 [queued]>
[2021-08-22 15:36:42,288] {taskinstance.py:1087} INFO - 
--------------------------------------------------------------------------------
[2021-08-22 15:36:42,288] {taskinstance.py:1088} INFO - Starting attempt 1 of 1
[2021-08-22 15:36:42,288] {taskinstance.py:1089} INFO - 
--------------------------------------------------------------------------------
[2021-08-22 15:36:42,322] {taskinstance.py:1107} INFO - Executing <Task(BashOperator): notify> on 2021-08-18T00:00:00+00:00
[2021-08-22 15:36:42,329] {standard_task_runner.py:52} INFO - Started process 3166 to run task
[2021-08-22 15:36:42,340] {standard_task_runner.py:76} INFO - Running: ['***', 'tasks', 'run', 'download_rocket_launches', 'notify', '2021-08-18T00:00:00+00:00', '--job-id', '110', '--pool', 'default_pool', '--raw', '--subdir', 'DAGS_FOLDER/1.rocket_launch_data.py', '--cfg-path', '/tmp/tmp8twvo5fy', '--error-file', '/tmp/tmp8glmolps']
[2021-08-22 15:36:42,350] {standard_task_runner.py:77} INFO - Job 110: Subtask notify
[2021-08-22 15:36:42,471] {logging_mixin.py:104} INFO - Running <TaskInstance: download_rocket_launches.notify 2021-08-18T00:00:00+00:00 [running]> on host b4dfeeeb641c
[2021-08-22 15:36:42,612] {taskinstance.py:1302} INFO - Exporting the following env vars:
AIRFLOW_CTX_DAG_OWNER=***
AIRFLOW_CTX_DAG_ID=download_rocket_launches
AIRFLOW_CTX_TASK_ID=notify
AIRFLOW_CTX_EXECUTION_DATE=2021-08-18T00:00:00+00:00
AIRFLOW_CTX_DAG_RUN_ID=scheduled__2021-08-18T00:00:00+00:00
[2021-08-22 15:36:42,614] {subprocess.py:52} INFO - Tmp dir root location: 
 /tmp
[2021-08-22 15:36:42,615] {subprocess.py:63} INFO - Running command: ['bash', '-c', 'echo "There are now $(ls /tmp/images/ | wc -l) images."']
[2021-08-22 15:36:42,630] {subprocess.py:74} INFO - Output:
[2021-08-22 15:36:42,640] {subprocess.py:78} INFO - There are now 9 images.
[2021-08-22 15:36:42,640] {subprocess.py:82} INFO - Command exited with return code 0
[2021-08-22 15:36:42,709] {taskinstance.py:1211} INFO - Marking task as SUCCESS. dag_id=download_rocket_launches, task_id=notify, execution_date=20210818T000000, start_date=20210822T153642, end_date=20210822T153642
[2021-08-22 15:36:42,753] {taskinstance.py:1265} INFO - 0 downstream tasks scheduled from follow-on schedule check
[2021-08-22 15:36:42,771] {local_task_job.py:149} INFO - Task exited with return code 0
