[2021-08-22 10:47:54,719] {taskinstance.py:896} INFO - Dependencies all met for <TaskInstance: example_python_operator.sleep_for_4 2021-08-22T10:47:45.587392+00:00 [queued]>
[2021-08-22 10:47:54,778] {taskinstance.py:896} INFO - Dependencies all met for <TaskInstance: example_python_operator.sleep_for_4 2021-08-22T10:47:45.587392+00:00 [queued]>
[2021-08-22 10:47:54,778] {taskinstance.py:1087} INFO - 
--------------------------------------------------------------------------------
[2021-08-22 10:47:54,779] {taskinstance.py:1088} INFO - Starting attempt 1 of 1
[2021-08-22 10:47:54,779] {taskinstance.py:1089} INFO - 
--------------------------------------------------------------------------------
[2021-08-22 10:47:54,829] {taskinstance.py:1107} INFO - Executing <Task(PythonOperator): sleep_for_4> on 2021-08-22T10:47:45.587392+00:00
[2021-08-22 10:47:54,839] {standard_task_runner.py:52} INFO - Started process 651 to run task
[2021-08-22 10:47:54,849] {standard_task_runner.py:76} INFO - Running: ['***', 'tasks', 'run', 'example_python_operator', 'sleep_for_4', '2021-08-22T10:47:45.587392+00:00', '--job-id', '4', '--pool', 'default_pool', '--raw', '--subdir', '/home/***/.local/lib/python3.6/site-packages/***/example_dags/example_python_operator.py', '--cfg-path', '/tmp/tmp1t86sqmz', '--error-file', '/tmp/tmp2c72aij0']
[2021-08-22 10:47:54,849] {standard_task_runner.py:77} INFO - Job 4: Subtask sleep_for_4
[2021-08-22 10:47:55,016] {logging_mixin.py:104} INFO - Running <TaskInstance: example_python_operator.sleep_for_4 2021-08-22T10:47:45.587392+00:00 [running]> on host 8509baff7e0e
[2021-08-22 10:47:55,215] {taskinstance.py:1302} INFO - Exporting the following env vars:
AIRFLOW_CTX_DAG_OWNER=***
AIRFLOW_CTX_DAG_ID=example_python_operator
AIRFLOW_CTX_TASK_ID=sleep_for_4
AIRFLOW_CTX_EXECUTION_DATE=2021-08-22T10:47:45.587392+00:00
AIRFLOW_CTX_DAG_RUN_ID=manual__2021-08-22T10:47:45.587392+00:00
[2021-08-22 10:47:55,617] {python.py:151} INFO - Done. Returned value was: None
[2021-08-22 10:47:55,663] {taskinstance.py:1211} INFO - Marking task as SUCCESS. dag_id=example_python_operator, task_id=sleep_for_4, execution_date=20210822T104745, start_date=20210822T104754, end_date=20210822T104755
[2021-08-22 10:47:55,753] {taskinstance.py:1265} INFO - 0 downstream tasks scheduled from follow-on schedule check
[2021-08-22 10:47:55,767] {local_task_job.py:149} INFO - Task exited with return code 0
