[2021-08-22 15:14:01,856] {taskinstance.py:896} INFO - Dependencies all met for <TaskInstance: download_rocket_launches.get_pictures 2021-08-22T15:13:56.384504+00:00 [queued]>
[2021-08-22 15:14:01,870] {taskinstance.py:896} INFO - Dependencies all met for <TaskInstance: download_rocket_launches.get_pictures 2021-08-22T15:13:56.384504+00:00 [queued]>
[2021-08-22 15:14:01,870] {taskinstance.py:1087} INFO - 
--------------------------------------------------------------------------------
[2021-08-22 15:14:01,870] {taskinstance.py:1088} INFO - Starting attempt 1 of 1
[2021-08-22 15:14:01,870] {taskinstance.py:1089} INFO - 
--------------------------------------------------------------------------------
[2021-08-22 15:14:01,892] {taskinstance.py:1107} INFO - Executing <Task(PythonOperator): get_pictures> on 2021-08-22T15:13:56.384504+00:00
[2021-08-22 15:14:01,897] {standard_task_runner.py:52} INFO - Started process 1699 to run task
[2021-08-22 15:14:01,902] {standard_task_runner.py:76} INFO - Running: ['***', 'tasks', 'run', 'download_rocket_launches', 'get_pictures', '2021-08-22T15:13:56.384504+00:00', '--job-id', '74', '--pool', 'default_pool', '--raw', '--subdir', 'DAGS_FOLDER/1.rocket_launch_data.py', '--cfg-path', '/tmp/tmp4tigij4q', '--error-file', '/tmp/tmpj4x0v1ny']
[2021-08-22 15:14:01,903] {standard_task_runner.py:77} INFO - Job 74: Subtask get_pictures
[2021-08-22 15:14:01,963] {logging_mixin.py:104} INFO - Running <TaskInstance: download_rocket_launches.get_pictures 2021-08-22T15:13:56.384504+00:00 [running]> on host b4dfeeeb641c
[2021-08-22 15:14:02,035] {taskinstance.py:1302} INFO - Exporting the following env vars:
AIRFLOW_CTX_DAG_OWNER=***
AIRFLOW_CTX_DAG_ID=download_rocket_launches
AIRFLOW_CTX_TASK_ID=get_pictures
AIRFLOW_CTX_EXECUTION_DATE=2021-08-22T15:13:56.384504+00:00
AIRFLOW_CTX_DAG_RUN_ID=manual__2021-08-22T15:13:56.384504+00:00
[2021-08-22 15:14:02,036] {python.py:151} INFO - Done. Returned value was: None
[2021-08-22 15:14:02,058] {taskinstance.py:1211} INFO - Marking task as SUCCESS. dag_id=download_rocket_launches, task_id=get_pictures, execution_date=20210822T151356, start_date=20210822T151401, end_date=20210822T151402
[2021-08-22 15:14:02,103] {taskinstance.py:1265} INFO - 1 downstream tasks scheduled from follow-on schedule check
[2021-08-22 15:14:02,117] {local_task_job.py:149} INFO - Task exited with return code 0
