[2021-08-22 14:49:12,951] {taskinstance.py:896} INFO - Dependencies all met for <TaskInstance: download_rocket_launches.notify 2021-08-10T00:00:00+00:00 [queued]>
[2021-08-22 14:49:13,206] {taskinstance.py:896} INFO - Dependencies all met for <TaskInstance: download_rocket_launches.notify 2021-08-10T00:00:00+00:00 [queued]>
[2021-08-22 14:49:13,206] {taskinstance.py:1087} INFO - 
--------------------------------------------------------------------------------
[2021-08-22 14:49:13,206] {taskinstance.py:1088} INFO - Starting attempt 1 of 1
[2021-08-22 14:49:13,207] {taskinstance.py:1089} INFO - 
--------------------------------------------------------------------------------
[2021-08-22 14:49:13,531] {taskinstance.py:1107} INFO - Executing <Task(BashOperator): notify> on 2021-08-10T00:00:00+00:00
[2021-08-22 14:49:13,544] {standard_task_runner.py:52} INFO - Started process 165 to run task
[2021-08-22 14:49:13,558] {standard_task_runner.py:76} INFO - Running: ['***', 'tasks', 'run', 'download_rocket_launches', 'notify', '2021-08-10T00:00:00+00:00', '--job-id', '52', '--pool', 'default_pool', '--raw', '--subdir', 'DAGS_FOLDER/download_rocket_launches.py', '--cfg-path', '/tmp/tmpr_3691ll', '--error-file', '/tmp/tmpytohp3h9']
[2021-08-22 14:49:13,559] {standard_task_runner.py:77} INFO - Job 52: Subtask notify
[2021-08-22 14:49:13,890] {logging_mixin.py:104} INFO - Running <TaskInstance: download_rocket_launches.notify 2021-08-10T00:00:00+00:00 [running]> on host b4dfeeeb641c
[2021-08-22 14:49:14,855] {taskinstance.py:1302} INFO - Exporting the following env vars:
AIRFLOW_CTX_DAG_OWNER=***
AIRFLOW_CTX_DAG_ID=download_rocket_launches
AIRFLOW_CTX_TASK_ID=notify
AIRFLOW_CTX_EXECUTION_DATE=2021-08-10T00:00:00+00:00
AIRFLOW_CTX_DAG_RUN_ID=scheduled__2021-08-10T00:00:00+00:00
[2021-08-22 14:49:14,872] {subprocess.py:52} INFO - Tmp dir root location: 
 /tmp
[2021-08-22 14:49:14,872] {subprocess.py:63} INFO - Running command: ['bash', '-c', 'echo "There are now $(ls /tmp/images/ | wc -l) images."']
[2021-08-22 14:49:14,925] {subprocess.py:74} INFO - Output:
[2021-08-22 14:49:17,111] {subprocess.py:78} INFO - There are now 9 images.
[2021-08-22 14:49:17,111] {subprocess.py:82} INFO - Command exited with return code 0
[2021-08-22 14:49:17,644] {taskinstance.py:1211} INFO - Marking task as SUCCESS. dag_id=download_rocket_launches, task_id=notify, execution_date=20210810T000000, start_date=20210822T144912, end_date=20210822T144917
[2021-08-22 14:49:18,187] {taskinstance.py:1265} INFO - 0 downstream tasks scheduled from follow-on schedule check
[2021-08-22 14:49:18,240] {local_task_job.py:149} INFO - Task exited with return code 0
