[2021-08-22 14:48:42,687] {taskinstance.py:896} INFO - Dependencies all met for <TaskInstance: download_rocket_launches.download_launches 2021-08-13T00:00:00+00:00 [queued]>
[2021-08-22 14:48:42,931] {taskinstance.py:896} INFO - Dependencies all met for <TaskInstance: download_rocket_launches.download_launches 2021-08-13T00:00:00+00:00 [queued]>
[2021-08-22 14:48:42,932] {taskinstance.py:1087} INFO - 
--------------------------------------------------------------------------------
[2021-08-22 14:48:42,932] {taskinstance.py:1088} INFO - Starting attempt 1 of 1
[2021-08-22 14:48:42,933] {taskinstance.py:1089} INFO - 
--------------------------------------------------------------------------------
[2021-08-22 14:48:43,060] {taskinstance.py:1107} INFO - Executing <Task(BashOperator): download_launches> on 2021-08-13T00:00:00+00:00
[2021-08-22 14:48:43,077] {standard_task_runner.py:52} INFO - Started process 86 to run task
[2021-08-22 14:48:43,167] {standard_task_runner.py:76} INFO - Running: ['***', 'tasks', 'run', 'download_rocket_launches', 'download_launches', '2021-08-13T00:00:00+00:00', '--job-id', '33', '--pool', 'default_pool', '--raw', '--subdir', 'DAGS_FOLDER/1.rocket_launch_data.py', '--cfg-path', '/tmp/tmpio5l_wkx', '--error-file', '/tmp/tmp6f20w47h']
[2021-08-22 14:48:43,174] {standard_task_runner.py:77} INFO - Job 33: Subtask download_launches
[2021-08-22 14:48:43,628] {logging_mixin.py:104} INFO - Running <TaskInstance: download_rocket_launches.download_launches 2021-08-13T00:00:00+00:00 [running]> on host b4dfeeeb641c
[2021-08-22 14:48:44,051] {taskinstance.py:1302} INFO - Exporting the following env vars:
AIRFLOW_CTX_DAG_OWNER=***
AIRFLOW_CTX_DAG_ID=download_rocket_launches
AIRFLOW_CTX_TASK_ID=download_launches
AIRFLOW_CTX_EXECUTION_DATE=2021-08-13T00:00:00+00:00
AIRFLOW_CTX_DAG_RUN_ID=scheduled__2021-08-13T00:00:00+00:00
[2021-08-22 14:48:44,052] {subprocess.py:52} INFO - Tmp dir root location: 
 /tmp
[2021-08-22 14:48:44,053] {subprocess.py:63} INFO - Running command: ['bash', '-c', "curl -o /tmp/launches.json -L 'https://ll.thespacedevs.com/2.0.0/launch/upcoming'"]
[2021-08-22 14:48:44,122] {subprocess.py:74} INFO - Output:
[2021-08-22 14:48:44,198] {subprocess.py:78} INFO -   % Total    % Received % Xferd  Average Speed   Time    Time     Time  Current
[2021-08-22 14:48:44,199] {subprocess.py:78} INFO -                                  Dload  Upload   Total   Spent    Left  Speed
[2021-08-22 14:48:44,586] {subprocess.py:78} INFO -   0     0    0     0    0     0      0      0 --:--:-- --:--:-- --:--:--     0  0     0    0     0    0     0      0      0 --:--:-- --:--:-- --:--:--     0
[2021-08-22 14:48:44,935] {subprocess.py:78} INFO - 100 23603  100 23603    0     0  32827      0 --:--:-- --:--:-- --:--:-- 32827100 23603  100 23603    0     0  32555      0 --:--:-- --:--:-- --:--:--     0
[2021-08-22 14:48:44,946] {subprocess.py:82} INFO - Command exited with return code 0
[2021-08-22 14:48:45,185] {taskinstance.py:1211} INFO - Marking task as SUCCESS. dag_id=download_rocket_launches, task_id=download_launches, execution_date=20210813T000000, start_date=20210822T144842, end_date=20210822T144845
[2021-08-22 14:48:45,763] {taskinstance.py:1265} INFO - 0 downstream tasks scheduled from follow-on schedule check
[2021-08-22 14:48:45,839] {local_task_job.py:149} INFO - Task exited with return code 0
