[2021-08-22 10:58:45,775] {taskinstance.py:896} INFO - Dependencies all met for <TaskInstance: example_branch_operator.branching 2021-08-20T00:00:00+00:00 [queued]>
[2021-08-22 10:58:45,824] {taskinstance.py:896} INFO - Dependencies all met for <TaskInstance: example_branch_operator.branching 2021-08-20T00:00:00+00:00 [queued]>
[2021-08-22 10:58:45,824] {taskinstance.py:1087} INFO - 
--------------------------------------------------------------------------------
[2021-08-22 10:58:45,825] {taskinstance.py:1088} INFO - Starting attempt 1 of 1
[2021-08-22 10:58:45,825] {taskinstance.py:1089} INFO - 
--------------------------------------------------------------------------------
[2021-08-22 10:58:45,859] {taskinstance.py:1107} INFO - Executing <Task(BranchPythonOperator): branching> on 2021-08-20T00:00:00+00:00
[2021-08-22 10:58:45,865] {standard_task_runner.py:52} INFO - Started process 1278 to run task
[2021-08-22 10:58:45,893] {standard_task_runner.py:76} INFO - Running: ['***', 'tasks', 'run', 'example_branch_operator', 'branching', '2021-08-20T00:00:00+00:00', '--job-id', '10', '--pool', 'default_pool', '--raw', '--subdir', '/home/***/.local/lib/python3.6/site-packages/***/example_dags/example_branch_operator.py', '--cfg-path', '/tmp/tmpn3z__n5x', '--error-file', '/tmp/tmpygcx3kb0']
[2021-08-22 10:58:45,894] {standard_task_runner.py:77} INFO - Job 10: Subtask branching
[2021-08-22 10:58:46,033] {logging_mixin.py:104} INFO - Running <TaskInstance: example_branch_operator.branching 2021-08-20T00:00:00+00:00 [running]> on host 8509baff7e0e
[2021-08-22 10:58:46,193] {taskinstance.py:1302} INFO - Exporting the following env vars:
AIRFLOW_CTX_DAG_OWNER=***
AIRFLOW_CTX_DAG_ID=example_branch_operator
AIRFLOW_CTX_TASK_ID=branching
AIRFLOW_CTX_EXECUTION_DATE=2021-08-20T00:00:00+00:00
AIRFLOW_CTX_DAG_RUN_ID=scheduled__2021-08-20T00:00:00+00:00
[2021-08-22 10:58:46,194] {python.py:151} INFO - Done. Returned value was: branch_a
[2021-08-22 10:58:46,194] {skipmixin.py:124} INFO - Following branch branch_a
[2021-08-22 10:58:46,228] {skipmixin.py:155} INFO - Skipping tasks ['branch_c', 'branch_b', 'branch_d']
[2021-08-22 10:58:46,742] {taskinstance.py:1211} INFO - Marking task as SUCCESS. dag_id=example_branch_operator, task_id=branching, execution_date=20210820T000000, start_date=20210822T105845, end_date=20210822T105846
[2021-08-22 10:58:46,955] {taskinstance.py:1265} INFO - 0 downstream tasks scheduled from follow-on schedule check
[2021-08-22 10:58:47,000] {local_task_job.py:149} INFO - Task exited with return code 0
