[2021-08-22 15:14:44,867] {taskinstance.py:896} INFO - Dependencies all met for <TaskInstance: download_rocket_launches.download_launches 2021-08-22T15:14:43.444047+00:00 [queued]>
[2021-08-22 15:14:44,908] {taskinstance.py:896} INFO - Dependencies all met for <TaskInstance: download_rocket_launches.download_launches 2021-08-22T15:14:43.444047+00:00 [queued]>
[2021-08-22 15:14:44,908] {taskinstance.py:1087} INFO - 
--------------------------------------------------------------------------------
[2021-08-22 15:14:44,908] {taskinstance.py:1088} INFO - Starting attempt 1 of 1
[2021-08-22 15:14:44,908] {taskinstance.py:1089} INFO - 
--------------------------------------------------------------------------------
[2021-08-22 15:14:44,929] {taskinstance.py:1107} INFO - Executing <Task(BashOperator): download_launches> on 2021-08-22T15:14:43.444047+00:00
[2021-08-22 15:14:44,936] {standard_task_runner.py:52} INFO - Started process 1748 to run task
[2021-08-22 15:14:44,944] {standard_task_runner.py:76} INFO - Running: ['***', 'tasks', 'run', 'download_rocket_launches', 'download_launches', '2021-08-22T15:14:43.444047+00:00', '--job-id', '76', '--pool', 'default_pool', '--raw', '--subdir', 'DAGS_FOLDER/1.rocket_launch_data.py', '--cfg-path', '/tmp/tmph9h7gqe7', '--error-file', '/tmp/tmpi1seovbo']
[2021-08-22 15:14:44,945] {standard_task_runner.py:77} INFO - Job 76: Subtask download_launches
[2021-08-22 15:14:45,027] {logging_mixin.py:104} INFO - Running <TaskInstance: download_rocket_launches.download_launches 2021-08-22T15:14:43.444047+00:00 [running]> on host b4dfeeeb641c
[2021-08-22 15:14:45,131] {taskinstance.py:1302} INFO - Exporting the following env vars:
AIRFLOW_CTX_DAG_OWNER=***
AIRFLOW_CTX_DAG_ID=download_rocket_launches
AIRFLOW_CTX_TASK_ID=download_launches
AIRFLOW_CTX_EXECUTION_DATE=2021-08-22T15:14:43.444047+00:00
AIRFLOW_CTX_DAG_RUN_ID=manual__2021-08-22T15:14:43.444047+00:00
[2021-08-22 15:14:45,133] {subprocess.py:52} INFO - Tmp dir root location: 
 /tmp
[2021-08-22 15:14:45,134] {subprocess.py:63} INFO - Running command: ['bash', '-c', "curl -O /tmp/launches.json -L 'https://ll.thespacedevs.com/2.0.0/launch/upcoming'"]
[2021-08-22 15:14:45,174] {subprocess.py:74} INFO - Output:
[2021-08-22 15:14:45,227] {subprocess.py:78} INFO - curl: (3) URL using bad/illegal format or missing URL
[2021-08-22 15:14:45,232] {subprocess.py:78} INFO -   % Total    % Received % Xferd  Average Speed   Time    Time     Time  Current
[2021-08-22 15:14:45,234] {subprocess.py:78} INFO -                                  Dload  Upload   Total   Spent    Left  Speed
[2021-08-22 15:14:45,629] {subprocess.py:78} INFO -   0     0    0     0    0     0      0      0 --:--:-- --:--:-- --:--:--     0  0     0    0     0    0     0      0      0 --:--:-- --:--:-- --:--:--     0
[2021-08-22 15:14:45,941] {subprocess.py:78} INFO - 100    70  100    70    0     0     98      0 --:--:-- --:--:-- --:--:--    98100    70  100    70    0     0     98      0 --:--:-- --:--:-- --:--:--     0
[2021-08-22 15:14:45,943] {subprocess.py:78} INFO - {"detail":"Request was throttled. Expected available in 114 seconds."}
[2021-08-22 15:14:45,943] {subprocess.py:82} INFO - Command exited with return code 0
[2021-08-22 15:14:46,154] {taskinstance.py:1211} INFO - Marking task as SUCCESS. dag_id=download_rocket_launches, task_id=download_launches, execution_date=20210822T151443, start_date=20210822T151444, end_date=20210822T151446
[2021-08-22 15:14:46,217] {taskinstance.py:1265} INFO - 1 downstream tasks scheduled from follow-on schedule check
[2021-08-22 15:14:46,259] {local_task_job.py:149} INFO - Task exited with return code 0
