[2021-08-22 14:24:36,327] {taskinstance.py:896} INFO - Dependencies all met for <TaskInstance: download_rocket_launches.notify 2021-08-22T14:24:14.061085+00:00 [queued]>
[2021-08-22 14:24:36,413] {taskinstance.py:896} INFO - Dependencies all met for <TaskInstance: download_rocket_launches.notify 2021-08-22T14:24:14.061085+00:00 [queued]>
[2021-08-22 14:24:36,414] {taskinstance.py:1087} INFO - 
--------------------------------------------------------------------------------
[2021-08-22 14:24:36,414] {taskinstance.py:1088} INFO - Starting attempt 1 of 1
[2021-08-22 14:24:36,414] {taskinstance.py:1089} INFO - 
--------------------------------------------------------------------------------
[2021-08-22 14:24:36,493] {taskinstance.py:1107} INFO - Executing <Task(BashOperator): notify> on 2021-08-22T14:24:14.061085+00:00
[2021-08-22 14:24:36,500] {standard_task_runner.py:52} INFO - Started process 802 to run task
[2021-08-22 14:24:36,505] {standard_task_runner.py:76} INFO - Running: ['***', 'tasks', 'run', 'download_rocket_launches', 'notify', '2021-08-22T14:24:14.061085+00:00', '--job-id', '26', '--pool', 'default_pool', '--raw', '--subdir', 'DAGS_FOLDER/1.rocket_launch_data.py', '--cfg-path', '/tmp/tmpw1yvjw8u', '--error-file', '/tmp/tmps6xqz9f6']
[2021-08-22 14:24:36,505] {standard_task_runner.py:77} INFO - Job 26: Subtask notify
[2021-08-22 14:24:36,611] {logging_mixin.py:104} INFO - Running <TaskInstance: download_rocket_launches.notify 2021-08-22T14:24:14.061085+00:00 [running]> on host f91ff2939141
[2021-08-22 14:24:36,824] {taskinstance.py:1302} INFO - Exporting the following env vars:
AIRFLOW_CTX_DAG_OWNER=***
AIRFLOW_CTX_DAG_ID=download_rocket_launches
AIRFLOW_CTX_TASK_ID=notify
AIRFLOW_CTX_EXECUTION_DATE=2021-08-22T14:24:14.061085+00:00
AIRFLOW_CTX_DAG_RUN_ID=manual__2021-08-22T14:24:14.061085+00:00
[2021-08-22 14:24:36,825] {subprocess.py:52} INFO - Tmp dir root location: 
 /tmp
[2021-08-22 14:24:36,826] {subprocess.py:63} INFO - Running command: ['bash', '-c', 'echo "There are now $(ls /tmp/images/ | wc -l) images."']
[2021-08-22 14:24:36,836] {subprocess.py:74} INFO - Output:
[2021-08-22 14:24:36,841] {subprocess.py:78} INFO - There are now 10 images.
[2021-08-22 14:24:36,841] {subprocess.py:82} INFO - Command exited with return code 0
[2021-08-22 14:24:37,013] {taskinstance.py:1211} INFO - Marking task as SUCCESS. dag_id=download_rocket_launches, task_id=notify, execution_date=20210822T142414, start_date=20210822T142436, end_date=20210822T142437
[2021-08-22 14:24:37,058] {taskinstance.py:1265} INFO - 0 downstream tasks scheduled from follow-on schedule check
[2021-08-22 14:24:37,080] {local_task_job.py:149} INFO - Task exited with return code 0
