[2021-08-22 14:48:34,162] {taskinstance.py:896} INFO - Dependencies all met for <TaskInstance: download_rocket_launches.download_launches 2021-08-09T00:00:00+00:00 [queued]>
[2021-08-22 14:48:34,811] {taskinstance.py:896} INFO - Dependencies all met for <TaskInstance: download_rocket_launches.download_launches 2021-08-09T00:00:00+00:00 [queued]>
[2021-08-22 14:48:34,811] {taskinstance.py:1087} INFO - 
--------------------------------------------------------------------------------
[2021-08-22 14:48:34,811] {taskinstance.py:1088} INFO - Starting attempt 1 of 1
[2021-08-22 14:48:34,811] {taskinstance.py:1089} INFO - 
--------------------------------------------------------------------------------
[2021-08-22 14:48:35,073] {taskinstance.py:1107} INFO - Executing <Task(BashOperator): download_launches> on 2021-08-09T00:00:00+00:00
[2021-08-22 14:48:35,131] {standard_task_runner.py:76} INFO - Running: ['***', 'tasks', 'run', 'download_rocket_launches', 'download_launches', '2021-08-09T00:00:00+00:00', '--job-id', '29', '--pool', 'default_pool', '--raw', '--subdir', 'DAGS_FOLDER/1.rocket_launch_data.py', '--cfg-path', '/tmp/tmpqjavdvcf', '--error-file', '/tmp/tmp_prp3ds3']
[2021-08-22 14:48:35,132] {standard_task_runner.py:77} INFO - Job 29: Subtask download_launches
[2021-08-22 14:48:35,118] {standard_task_runner.py:52} INFO - Started process 70 to run task
[2021-08-22 14:48:35,687] {logging_mixin.py:104} INFO - Running <TaskInstance: download_rocket_launches.download_launches 2021-08-09T00:00:00+00:00 [running]> on host b4dfeeeb641c
[2021-08-22 14:48:36,327] {taskinstance.py:1302} INFO - Exporting the following env vars:
AIRFLOW_CTX_DAG_OWNER=***
AIRFLOW_CTX_DAG_ID=download_rocket_launches
AIRFLOW_CTX_TASK_ID=download_launches
AIRFLOW_CTX_EXECUTION_DATE=2021-08-09T00:00:00+00:00
AIRFLOW_CTX_DAG_RUN_ID=scheduled__2021-08-09T00:00:00+00:00
[2021-08-22 14:48:36,328] {subprocess.py:52} INFO - Tmp dir root location: 
 /tmp
[2021-08-22 14:48:36,329] {subprocess.py:63} INFO - Running command: ['bash', '-c', "curl -o /tmp/launches.json -L 'https://ll.thespacedevs.com/2.0.0/launch/upcoming'"]
[2021-08-22 14:48:36,411] {subprocess.py:74} INFO - Output:
[2021-08-22 14:48:36,503] {subprocess.py:78} INFO -   % Total    % Received % Xferd  Average Speed   Time    Time     Time  Current
[2021-08-22 14:48:36,511] {subprocess.py:78} INFO -                                  Dload  Upload   Total   Spent    Left  Speed
[2021-08-22 14:48:36,980] {subprocess.py:78} INFO -   0     0    0     0    0     0      0      0 --:--:-- --:--:-- --:--:--     0  0     0    0     0    0     0      0      0 --:--:-- --:--:-- --:--:--     0  0     0    0     0    0     0      0      0 --:--:-- --:--:-- --:--:--     0
[2021-08-22 14:48:37,427] {subprocess.py:78} INFO - 100 23603  100 23603    0     0  25082      0 --:--:-- --:--:-- --:--:-- 25082
[2021-08-22 14:48:37,427] {subprocess.py:82} INFO - Command exited with return code 0
[2021-08-22 14:48:37,738] {taskinstance.py:1211} INFO - Marking task as SUCCESS. dag_id=download_rocket_launches, task_id=download_launches, execution_date=20210809T000000, start_date=20210822T144834, end_date=20210822T144837
[2021-08-22 14:48:38,151] {taskinstance.py:1265} INFO - 1 downstream tasks scheduled from follow-on schedule check
[2021-08-22 14:48:38,191] {local_task_job.py:149} INFO - Task exited with return code 0
