[2021-08-22 14:48:54,975] {taskinstance.py:896} INFO - Dependencies all met for <TaskInstance: download_rocket_launches.download_launches 2021-08-21T00:00:00+00:00 [queued]>
[2021-08-22 14:48:55,588] {taskinstance.py:896} INFO - Dependencies all met for <TaskInstance: download_rocket_launches.download_launches 2021-08-21T00:00:00+00:00 [queued]>
[2021-08-22 14:48:55,588] {taskinstance.py:1087} INFO - 
--------------------------------------------------------------------------------
[2021-08-22 14:48:55,588] {taskinstance.py:1088} INFO - Starting attempt 1 of 1
[2021-08-22 14:48:55,588] {taskinstance.py:1089} INFO - 
--------------------------------------------------------------------------------
[2021-08-22 14:48:56,753] {taskinstance.py:1107} INFO - Executing <Task(BashOperator): download_launches> on 2021-08-21T00:00:00+00:00
[2021-08-22 14:48:56,861] {standard_task_runner.py:52} INFO - Started process 141 to run task
[2021-08-22 14:48:57,011] {standard_task_runner.py:76} INFO - Running: ['***', 'tasks', 'run', 'download_rocket_launches', 'download_launches', '2021-08-21T00:00:00+00:00', '--job-id', '47', '--pool', 'default_pool', '--raw', '--subdir', 'DAGS_FOLDER/1.rocket_launch_data.py', '--cfg-path', '/tmp/tmpbgq0p6yk', '--error-file', '/tmp/tmpm0k5_b4a']
[2021-08-22 14:48:57,012] {standard_task_runner.py:77} INFO - Job 47: Subtask download_launches
[2021-08-22 14:48:58,029] {logging_mixin.py:104} INFO - Running <TaskInstance: download_rocket_launches.download_launches 2021-08-21T00:00:00+00:00 [running]> on host b4dfeeeb641c
[2021-08-22 14:48:59,349] {taskinstance.py:1302} INFO - Exporting the following env vars:
AIRFLOW_CTX_DAG_OWNER=***
AIRFLOW_CTX_DAG_ID=download_rocket_launches
AIRFLOW_CTX_TASK_ID=download_launches
AIRFLOW_CTX_EXECUTION_DATE=2021-08-21T00:00:00+00:00
AIRFLOW_CTX_DAG_RUN_ID=scheduled__2021-08-21T00:00:00+00:00
[2021-08-22 14:48:59,354] {subprocess.py:52} INFO - Tmp dir root location: 
 /tmp
[2021-08-22 14:48:59,355] {subprocess.py:63} INFO - Running command: ['bash', '-c', "curl -o /tmp/launches.json -L 'https://ll.thespacedevs.com/2.0.0/launch/upcoming'"]
[2021-08-22 14:48:59,563] {subprocess.py:74} INFO - Output:
[2021-08-22 14:49:08,378] {subprocess.py:78} INFO -   % Total    % Received % Xferd  Average Speed   Time    Time     Time  Current
[2021-08-22 14:49:08,547] {subprocess.py:78} INFO -                                  Dload  Upload   Total   Spent    Left  Speed
[2021-08-22 14:49:09,363] {subprocess.py:78} INFO -   0     0    0     0    0     0      0      0 --:--:-- --:--:-- --:--:--     0  0     0    0     0    0     0      0      0 --:--:-- --:--:-- --:--:--     0  0     0    0     0    0     0      0      0 --:--:-- --:--:-- --:--:--     0
[2021-08-22 14:49:12,061] {subprocess.py:78} INFO -   0     0    0     0    0     0      0      0 --:--:--  0:00:01 --:--:--     0  0     0    0     0    0     0      0      0 --:--:--  0:00:02 --:--:--     0100    71  100    71    0     0     19      0  0:00:03  0:00:03 --:--:--    41100    71  100    71    0     0     19      0  0:00:03  0:00:03 --:--:--    41
[2021-08-22 14:49:12,265] {subprocess.py:82} INFO - Command exited with return code 0
[2021-08-22 14:49:13,008] {taskinstance.py:1211} INFO - Marking task as SUCCESS. dag_id=download_rocket_launches, task_id=download_launches, execution_date=20210821T000000, start_date=20210822T144854, end_date=20210822T144913
[2021-08-22 14:49:13,621] {taskinstance.py:1265} INFO - 1 downstream tasks scheduled from follow-on schedule check
[2021-08-22 14:49:13,672] {local_task_job.py:149} INFO - Task exited with return code 0
