[2021-08-22 15:36:58,903] {taskinstance.py:896} INFO - Dependencies all met for <TaskInstance: download_rocket_launches.download_launches 2021-08-21T00:00:00+00:00 [queued]>
[2021-08-22 15:36:59,023] {taskinstance.py:896} INFO - Dependencies all met for <TaskInstance: download_rocket_launches.download_launches 2021-08-21T00:00:00+00:00 [queued]>
[2021-08-22 15:36:59,024] {taskinstance.py:1087} INFO - 
--------------------------------------------------------------------------------
[2021-08-22 15:36:59,024] {taskinstance.py:1088} INFO - Starting attempt 2 of 2
[2021-08-22 15:36:59,024] {taskinstance.py:1089} INFO - 
--------------------------------------------------------------------------------
[2021-08-22 15:36:59,678] {taskinstance.py:1107} INFO - Executing <Task(BashOperator): download_launches> on 2021-08-21T00:00:00+00:00
[2021-08-22 15:36:59,709] {standard_task_runner.py:76} INFO - Running: ['***', 'tasks', 'run', 'download_rocket_launches', 'download_launches', '2021-08-21T00:00:00+00:00', '--job-id', '116', '--pool', 'default_pool', '--raw', '--subdir', 'DAGS_FOLDER/1.rocket_launch_data.py', '--cfg-path', '/tmp/tmp1i4dgleq', '--error-file', '/tmp/tmpuf5kkvps']
[2021-08-22 15:36:59,710] {standard_task_runner.py:77} INFO - Job 116: Subtask download_launches
[2021-08-22 15:36:59,704] {standard_task_runner.py:52} INFO - Started process 3214 to run task
[2021-08-22 15:37:00,093] {logging_mixin.py:104} INFO - Running <TaskInstance: download_rocket_launches.download_launches 2021-08-21T00:00:00+00:00 [running]> on host b4dfeeeb641c
[2021-08-22 15:37:00,578] {taskinstance.py:1302} INFO - Exporting the following env vars:
AIRFLOW_CTX_DAG_OWNER=***
AIRFLOW_CTX_DAG_ID=download_rocket_launches
AIRFLOW_CTX_TASK_ID=download_launches
AIRFLOW_CTX_EXECUTION_DATE=2021-08-21T00:00:00+00:00
AIRFLOW_CTX_DAG_RUN_ID=scheduled__2021-08-21T00:00:00+00:00
[2021-08-22 15:37:00,579] {subprocess.py:52} INFO - Tmp dir root location: 
 /tmp
[2021-08-22 15:37:00,580] {subprocess.py:63} INFO - Running command: ['bash', '-c', "curl -o /tmp/launches.json -L 'https://ll.thespacedevs.com/2.0.0/launch/upcoming'"]
[2021-08-22 15:37:00,596] {subprocess.py:74} INFO - Output:
[2021-08-22 15:37:00,612] {subprocess.py:78} INFO -   % Total    % Received % Xferd  Average Speed   Time    Time     Time  Current
[2021-08-22 15:37:00,614] {subprocess.py:78} INFO -                                  Dload  Upload   Total   Spent    Left  Speed
[2021-08-22 15:37:01,019] {subprocess.py:78} INFO -   0     0    0     0    0     0      0      0 --:--:-- --:--:-- --:--:--     0  0     0    0     0    0     0      0      0 --:--:-- --:--:-- --:--:--     0  0     0    0     0    0     0      0      0 --:--:-- --:--:-- --:--:--     0
[2021-08-22 15:37:01,331] {subprocess.py:78} INFO - 100    70  100    70    0     0     97      0 --:--:-- --:--:-- --:--:--    97
[2021-08-22 15:37:01,333] {subprocess.py:82} INFO - Command exited with return code 0
[2021-08-22 15:37:01,544] {taskinstance.py:1211} INFO - Marking task as SUCCESS. dag_id=download_rocket_launches, task_id=download_launches, execution_date=20210821T000000, start_date=20210822T153658, end_date=20210822T153701
[2021-08-22 15:37:01,632] {taskinstance.py:1265} INFO - 1 downstream tasks scheduled from follow-on schedule check
[2021-08-22 15:37:01,663] {local_task_job.py:149} INFO - Task exited with return code 0
