[2021-08-22 15:33:05,067] {taskinstance.py:896} INFO - Dependencies all met for <TaskInstance: download_rocket_launches.get_pictures 2021-08-22T15:32:59.427304+00:00 [queued]>
[2021-08-22 15:33:05,080] {taskinstance.py:896} INFO - Dependencies all met for <TaskInstance: download_rocket_launches.get_pictures 2021-08-22T15:32:59.427304+00:00 [queued]>
[2021-08-22 15:33:05,081] {taskinstance.py:1087} INFO - 
--------------------------------------------------------------------------------
[2021-08-22 15:33:05,081] {taskinstance.py:1088} INFO - Starting attempt 1 of 1
[2021-08-22 15:33:05,081] {taskinstance.py:1089} INFO - 
--------------------------------------------------------------------------------
[2021-08-22 15:33:05,103] {taskinstance.py:1107} INFO - Executing <Task(PythonOperator): get_pictures> on 2021-08-22T15:32:59.427304+00:00
[2021-08-22 15:33:05,107] {standard_task_runner.py:52} INFO - Started process 2896 to run task
[2021-08-22 15:33:05,113] {standard_task_runner.py:76} INFO - Running: ['***', 'tasks', 'run', 'download_rocket_launches', 'get_pictures', '2021-08-22T15:32:59.427304+00:00', '--job-id', '94', '--pool', 'default_pool', '--raw', '--subdir', 'DAGS_FOLDER/1.rocket_launch_data.py', '--cfg-path', '/tmp/tmpqa5ex6v1', '--error-file', '/tmp/tmpeuukxorw']
[2021-08-22 15:33:05,113] {standard_task_runner.py:77} INFO - Job 94: Subtask get_pictures
[2021-08-22 15:33:05,172] {logging_mixin.py:104} INFO - Running <TaskInstance: download_rocket_launches.get_pictures 2021-08-22T15:32:59.427304+00:00 [running]> on host b4dfeeeb641c
[2021-08-22 15:33:05,234] {taskinstance.py:1302} INFO - Exporting the following env vars:
AIRFLOW_CTX_DAG_OWNER=***
AIRFLOW_CTX_DAG_ID=download_rocket_launches
AIRFLOW_CTX_TASK_ID=get_pictures
AIRFLOW_CTX_EXECUTION_DATE=2021-08-22T15:32:59.427304+00:00
AIRFLOW_CTX_DAG_RUN_ID=manual__2021-08-22T15:32:59.427304+00:00
[2021-08-22 15:33:05,235] {python.py:151} INFO - Done. Returned value was: None
[2021-08-22 15:33:05,258] {taskinstance.py:1211} INFO - Marking task as SUCCESS. dag_id=download_rocket_launches, task_id=get_pictures, execution_date=20210822T153259, start_date=20210822T153305, end_date=20210822T153305
[2021-08-22 15:33:05,302] {taskinstance.py:1265} INFO - 1 downstream tasks scheduled from follow-on schedule check
[2021-08-22 15:33:05,327] {local_task_job.py:149} INFO - Task exited with return code 0
