[2021-08-22 14:16:37,471] {taskinstance.py:896} INFO - Dependencies all met for <TaskInstance: download_rocket_launches.download_launches 2021-08-22T14:16:33.788795+00:00 [queued]>
[2021-08-22 14:16:37,630] {taskinstance.py:896} INFO - Dependencies all met for <TaskInstance: download_rocket_launches.download_launches 2021-08-22T14:16:33.788795+00:00 [queued]>
[2021-08-22 14:16:37,630] {taskinstance.py:1087} INFO - 
--------------------------------------------------------------------------------
[2021-08-22 14:16:37,630] {taskinstance.py:1088} INFO - Starting attempt 1 of 1
[2021-08-22 14:16:37,630] {taskinstance.py:1089} INFO - 
--------------------------------------------------------------------------------
[2021-08-22 14:16:37,654] {taskinstance.py:1107} INFO - Executing <Task(BashOperator): download_launches> on 2021-08-22T14:16:33.788795+00:00
[2021-08-22 14:16:37,662] {standard_task_runner.py:52} INFO - Started process 331 to run task
[2021-08-22 14:16:37,669] {standard_task_runner.py:76} INFO - Running: ['***', 'tasks', 'run', 'download_rocket_launches', 'download_launches', '2021-08-22T14:16:33.788795+00:00', '--job-id', '18', '--pool', 'default_pool', '--raw', '--subdir', 'DAGS_FOLDER/1.rocket_launch_data.py', '--cfg-path', '/tmp/tmp5v8u_qsr', '--error-file', '/tmp/tmpxws274zf']
[2021-08-22 14:16:37,670] {standard_task_runner.py:77} INFO - Job 18: Subtask download_launches
[2021-08-22 14:16:37,721] {logging_mixin.py:104} INFO - Running <TaskInstance: download_rocket_launches.download_launches 2021-08-22T14:16:33.788795+00:00 [running]> on host f91ff2939141
[2021-08-22 14:16:38,087] {taskinstance.py:1302} INFO - Exporting the following env vars:
AIRFLOW_CTX_DAG_OWNER=***
AIRFLOW_CTX_DAG_ID=download_rocket_launches
AIRFLOW_CTX_TASK_ID=download_launches
AIRFLOW_CTX_EXECUTION_DATE=2021-08-22T14:16:33.788795+00:00
AIRFLOW_CTX_DAG_RUN_ID=manual__2021-08-22T14:16:33.788795+00:00
[2021-08-22 14:16:38,088] {subprocess.py:52} INFO - Tmp dir root location: 
 /tmp
[2021-08-22 14:16:38,089] {subprocess.py:63} INFO - Running command: ['bash', '-c', "curl -o /tmp/launches.json -L 'https://ll.thespacedevs.com/2.0.0/launch/upcoming'"]
[2021-08-22 14:16:38,103] {subprocess.py:74} INFO - Output:
[2021-08-22 14:16:38,125] {subprocess.py:78} INFO -   % Total    % Received % Xferd  Average Speed   Time    Time     Time  Current
[2021-08-22 14:16:38,125] {subprocess.py:78} INFO -                                  Dload  Upload   Total   Spent    Left  Speed
[2021-08-22 14:16:39,593] {subprocess.py:78} INFO -   0     0    0     0    0     0      0      0 --:--:-- --:--:-- --:--:--     0  0     0    0     0    0     0      0      0 --:--:--  0:00:01 --:--:--     0  0     0    0     0    0     0      0      0 --:--:--  0:00:01 --:--:--     0
[2021-08-22 14:16:39,918] {subprocess.py:78} INFO -  10 23632   10  2410    0     0   1345      0  0:00:17  0:00:01  0:00:16  1345100 23632  100 23632    0     0  13150      0  0:00:01  0:00:01 --:--:-- 4144k
[2021-08-22 14:16:39,920] {subprocess.py:82} INFO - Command exited with return code 0
[2021-08-22 14:16:40,162] {taskinstance.py:1211} INFO - Marking task as SUCCESS. dag_id=download_rocket_launches, task_id=download_launches, execution_date=20210822T141633, start_date=20210822T141637, end_date=20210822T141640
[2021-08-22 14:16:40,217] {taskinstance.py:1265} INFO - 1 downstream tasks scheduled from follow-on schedule check
[2021-08-22 14:16:40,254] {local_task_job.py:149} INFO - Task exited with return code 0
